TN:
SF:/home/snusun/swpp-hw3-snusun/src/App.js
FN:16,(anonymous_0)
FN:22,(anonymous_1)
FN:28,(anonymous_2)
FN:29,(anonymous_3)
FN:30,(anonymous_4)
FN:31,(anonymous_5)
FN:47,(anonymous_6)
FNF:7
FNH:4
FNDA:3,(anonymous_0)
FNDA:3,(anonymous_1)
FNDA:0,(anonymous_2)
FNDA:0,(anonymous_3)
FNDA:0,(anonymous_4)
FNDA:1,(anonymous_5)
FNDA:4,(anonymous_6)
DA:17,3
DA:18,2
DA:23,3
DA:28,0
DA:29,0
DA:30,0
DA:31,1
DA:47,1
DA:48,4
LF:9
LH:6
BRDA:17,0,0,2
BRDA:17,0,1,1
BRDA:26,1,0,1
BRDA:26,1,1,2
BRF:4
BRH:4
end_of_record
TN:
SF:/home/snusun/swpp-hw3-snusun/src/components/ArticleDetail.js
FN:3,(anonymous_0)
FNF:1
FNH:1
FNDA:2,(anonymous_0)
DA:3,3
DA:4,2
LF:2
LH:2
BRF:0
BRH:0
end_of_record
TN:
SF:/home/snusun/swpp-hw3-snusun/src/components/Article/Article.js
FN:3,(anonymous_0)
FNF:1
FNH:1
FNDA:2,(anonymous_0)
DA:3,2
DA:4,2
LF:2
LH:2
BRF:0
BRH:0
end_of_record
TN:
SF:/home/snusun/swpp-hw3-snusun/src/components/Comment/Comment.js
FN:3,(anonymous_0)
FNF:1
FNH:1
FNDA:5,(anonymous_0)
DA:3,4
DA:5,5
LF:2
LH:2
BRF:0
BRH:0
end_of_record
TN:
SF:/home/snusun/swpp-hw3-snusun/src/containers/ArticleList/ArticleList.js
FN:14,(anonymous_0)
FN:19,(anonymous_1)
FN:23,(anonymous_2)
FN:27,(anonymous_3)
FN:31,(anonymous_4)
FN:32,(anonymous_5)
FN:35,(anonymous_6)
FN:36,(anonymous_7)
FN:46,(anonymous_8)
FN:47,(anonymous_9)
FN:53,(anonymous_10)
FN:63,(anonymous_11)
FN:65,(anonymous_12)
FN:66,(anonymous_13)
FNF:14
FNH:5
FNDA:0,(anonymous_0)
FNDA:0,(anonymous_1)
FNDA:0,(anonymous_2)
FNDA:0,(anonymous_3)
FNDA:8,(anonymous_4)
FNDA:8,(anonymous_5)
FNDA:24,(anonymous_6)
FNDA:0,(anonymous_7)
FNDA:0,(anonymous_8)
FNDA:0,(anonymous_9)
FNDA:4,(anonymous_10)
FNDA:4,(anonymous_11)
FNDA:0,(anonymous_12)
FNDA:0,(anonymous_13)
DA:16,0
DA:19,8
DA:20,0
DA:23,8
DA:24,0
DA:27,8
DA:28,0
DA:32,8
DA:33,8
DA:35,24
DA:36,0
DA:39,0
DA:46,0
DA:47,0
DA:53,2
DA:54,4
DA:63,2
DA:64,4
DA:65,0
DA:66,0
LF:20
LH:10
BRF:0
BRH:0
end_of_record
TN:
SF:/home/snusun/swpp-hw3-snusun/src/containers/ArticleList/NewArticle/NewArticle.js
FN:17,(anonymous_0)
FN:25,(anonymous_1)
FN:29,(anonymous_2)
FN:33,(anonymous_3)
FN:37,(anonymous_4)
FN:41,(anonymous_5)
FN:49,(anonymous_6)
FN:54,(anonymous_7)
FN:57,(anonymous_8)
FN:58,(anonymous_9)
FN:60,(anonymous_10)
FN:64,(anonymous_11)
FN:71,(anonymous_12)
FN:76,(anonymous_13)
FN:77,(anonymous_14)
FN:80,(anonymous_15)
FN:83,(anonymous_16)
FN:93,(anonymous_17)
FN:100,(anonymous_18)
FN:102,(anonymous_19)
FN:104,(anonymous_20)
FNF:21
FNH:11
FNDA:0,(anonymous_0)
FNDA:2,(anonymous_1)
FNDA:1,(anonymous_2)
FNDA:0,(anonymous_3)
FNDA:1,(anonymous_4)
FNDA:10,(anonymous_5)
FNDA:0,(anonymous_6)
FNDA:0,(anonymous_7)
FNDA:2,(anonymous_8)
FNDA:0,(anonymous_9)
FNDA:1,(anonymous_10)
FNDA:1,(anonymous_11)
FNDA:1,(anonymous_12)
FNDA:0,(anonymous_13)
FNDA:0,(anonymous_14)
FNDA:0,(anonymous_15)
FNDA:0,(anonymous_16)
FNDA:9,(anonymous_17)
FNDA:9,(anonymous_18)
FNDA:0,(anonymous_19)
FNDA:1,(anonymous_20)
DA:9,9
DA:17,9
DA:18,0
DA:19,0
DA:20,0
DA:21,0
DA:25,9
DA:26,2
DA:29,9
DA:30,1
DA:33,9
DA:34,0
DA:37,9
DA:38,1
DA:42,10
DA:49,0
DA:54,0
DA:57,2
DA:58,0
DA:60,1
DA:64,1
DA:71,1
DA:76,0
DA:77,0
DA:80,0
DA:83,0
DA:93,3
DA:94,9
DA:100,3
DA:101,9
DA:103,0
DA:104,1
LF:32
LH:19
BRDA:18,0,0,0
BRDA:18,0,1,0
BRDA:18,1,0,0
BRDA:18,1,1,0
BRDA:43,2,0,9
BRDA:43,2,1,1
BRDA:59,3,0,9
BRDA:59,3,1,0
BRDA:78,4,0,1
BRDA:78,4,1,0
BRF:10
BRH:4
end_of_record
TN:
SF:/home/snusun/swpp-hw3-snusun/src/containers/ArticleList/RealDetail/RealDetail.js
FN:15,(anonymous_0)
FN:21,(anonymous_1)
FN:25,(anonymous_2)
FN:32,(anonymous_3)
FN:36,(anonymous_4)
FN:38,(anonymous_5)
FN:45,(anonymous_6)
FN:51,(anonymous_7)
FN:57,(anonymous_8)
FN:65,(anonymous_9)
FN:71,(anonymous_10)
FN:74,(anonymous_11)
FN:75,(anonymous_12)
FN:76,(anonymous_13)
FN:93,(anonymous_14)
FN:94,(anonymous_15)
FN:98,(anonymous_16)
FN:101,(anonymous_17)
FN:107,(anonymous_18)
FN:123,(anonymous_19)
FN:127,(anonymous_20)
FN:130,(anonymous_21)
FN:136,(anonymous_22)
FN:144,(anonymous_23)
FN:155,(anonymous_24)
FN:157,(anonymous_25)
FN:158,(anonymous_26)
FN:159,(anonymous_27)
FN:160,(anonymous_28)
FN:161,(anonymous_29)
FN:163,(anonymous_30)
FN:164,(anonymous_31)
FN:165,(anonymous_32)
FNF:33
FNH:14
FNDA:10,(anonymous_0)
FNDA:1,(anonymous_1)
FNDA:1,(anonymous_2)
FNDA:1,(anonymous_3)
FNDA:0,(anonymous_4)
FNDA:0,(anonymous_5)
FNDA:0,(anonymous_6)
FNDA:0,(anonymous_7)
FNDA:12,(anonymous_8)
FNDA:0,(anonymous_9)
FNDA:0,(anonymous_10)
FNDA:0,(anonymous_11)
FNDA:0,(anonymous_12)
FNDA:0,(anonymous_13)
FNDA:1,(anonymous_14)
FNDA:1,(anonymous_15)
FNDA:2,(anonymous_16)
FNDA:0,(anonymous_17)
FNDA:1,(anonymous_18)
FNDA:0,(anonymous_19)
FNDA:0,(anonymous_20)
FNDA:0,(anonymous_21)
FNDA:0,(anonymous_22)
FNDA:10,(anonymous_23)
FNDA:10,(anonymous_24)
FNDA:10,(anonymous_25)
FNDA:0,(anonymous_26)
FNDA:1,(anonymous_27)
FNDA:10,(anonymous_28)
FNDA:0,(anonymous_29)
FNDA:0,(anonymous_30)
FNDA:0,(anonymous_31)
FNDA:0,(anonymous_32)
DA:9,10
DA:16,10
DA:17,10
DA:21,10
DA:22,1
DA:25,10
DA:26,1
DA:27,1
DA:28,0
DA:29,1
DA:32,10
DA:33,1
DA:36,10
DA:37,0
DA:38,0
DA:39,0
DA:40,0
DA:42,0
DA:45,10
DA:46,0
DA:47,0
DA:51,10
DA:52,0
DA:53,0
DA:54,0
DA:58,12
DA:59,12
DA:60,12
DA:61,0
DA:62,0
DA:63,0
DA:64,0
DA:65,0
DA:69,12
DA:70,12
DA:71,1
DA:72,0
DA:74,0
DA:75,0
DA:76,0
DA:79,12
DA:93,1
DA:94,1
DA:98,2
DA:101,0
DA:107,1
DA:123,0
DA:127,0
DA:130,0
DA:136,0
DA:144,4
DA:145,10
DA:155,4
DA:156,10
DA:157,10
DA:158,0
DA:159,1
DA:160,10
DA:162,0
DA:163,0
DA:164,0
DA:165,0
LF:62
LH:32
BRDA:27,0,0,0
BRDA:27,0,1,1
BRDA:39,1,0,0
BRDA:39,1,1,0
BRDA:60,2,0,0
BRDA:60,2,1,12
BRDA:70,3,0,1
BRDA:70,3,1,11
BRDA:80,4,0,12
BRDA:80,4,1,0
BRF:10
BRH:5
end_of_record
TN:
SF:/home/snusun/swpp-hw3-snusun/src/containers/Login/Login.js
FN:14,(anonymous_0)
FN:21,(anonymous_1)
FN:27,(anonymous_2)
FN:33,(anonymous_3)
FN:43,(anonymous_4)
FN:66,(anonymous_5)
FN:74,(anonymous_6)
FN:80,(anonymous_7)
FN:82,(anonymous_8)
FN:85,(anonymous_9)
FN:88,(anonymous_10)
FNF:11
FNH:9
FNDA:6,(anonymous_0)
FNDA:1,(anonymous_1)
FNDA:1,(anonymous_2)
FNDA:1,(anonymous_3)
FNDA:8,(anonymous_4)
FNDA:1,(anonymous_5)
FNDA:6,(anonymous_6)
FNDA:6,(anonymous_7)
FNDA:0,(anonymous_8)
FNDA:6,(anonymous_9)
FNDA:0,(anonymous_10)
DA:8,6
DA:15,6
DA:16,6
DA:17,2
DA:21,6
DA:22,1
DA:27,6
DA:28,1
DA:33,6
DA:34,1
DA:35,0
DA:36,0
DA:37,0
DA:39,1
DA:44,8
DA:66,1
DA:74,2
DA:75,6
DA:80,2
DA:81,6
DA:83,0
DA:86,6
DA:89,0
LF:23
LH:18
BRDA:16,0,0,2
BRDA:16,0,1,4
BRDA:34,1,0,0
BRDA:34,1,1,1
BRDA:34,2,0,1
BRDA:34,2,1,0
BRF:6
BRH:4
end_of_record
TN:
SF:/home/snusun/swpp-hw3-snusun/src/store/store.js
FNF:0
FNH:0
DA:11,8
DA:12,8
DA:18,8
DA:20,8
DA:21,8
LF:5
LH:5
BRDA:20,0,0,8
BRDA:20,0,1,8
BRF:2
BRH:2
end_of_record
TN:
SF:/home/snusun/swpp-hw3-snusun/src/store/actions/actionTypes.js
FNF:0
FNH:0
DA:1,10
DA:2,10
DA:3,10
DA:4,10
DA:5,10
DA:7,10
DA:8,10
DA:9,10
DA:10,10
DA:12,10
DA:13,10
DA:14,10
DA:15,10
DA:16,10
LF:14
LH:14
BRF:0
BRH:0
end_of_record
TN:
SF:/home/snusun/swpp-hw3-snusun/src/store/actions/article.js
FN:5,(anonymous_0)
FN:9,(anonymous_1)
FN:10,(anonymous_2)
FN:12,(anonymous_3)
FN:16,(anonymous_4)
FN:26,(anonymous_5)
FN:27,(anonymous_6)
FN:29,(anonymous_7)
FN:39,(anonymous_8)
FN:46,(anonymous_9)
FN:47,(anonymous_10)
FN:49,(anonymous_11)
FN:53,(anonymous_12)
FN:57,(anonymous_13)
FN:58,(anonymous_14)
FN:60,(anonymous_15)
FNF:16
FNH:16
FNDA:1,(anonymous_0)
FNDA:1,(anonymous_1)
FNDA:1,(anonymous_2)
FNDA:1,(anonymous_3)
FNDA:1,(anonymous_4)
FNDA:1,(anonymous_5)
FNDA:1,(anonymous_6)
FNDA:1,(anonymous_7)
FNDA:1,(anonymous_8)
FNDA:1,(anonymous_9)
FNDA:1,(anonymous_10)
FNDA:1,(anonymous_11)
FNDA:1,(anonymous_12)
FNDA:1,(anonymous_13)
FNDA:1,(anonymous_14)
FNDA:1,(anonymous_15)
DA:5,6
DA:6,1
DA:9,6
DA:10,1
DA:11,1
DA:12,1
DA:16,6
DA:17,1
DA:26,6
DA:27,1
DA:28,1
DA:30,1
DA:32,1
DA:39,6
DA:40,1
DA:46,6
DA:47,1
DA:48,1
DA:49,1
DA:53,6
DA:54,1
DA:57,6
DA:58,1
DA:59,1
DA:61,1
LF:25
LH:25
BRF:0
BRH:0
end_of_record
TN:
SF:/home/snusun/swpp-hw3-snusun/src/store/actions/comment.js
FN:6,(anonymous_0)
FN:11,(anonymous_1)
FN:12,(anonymous_2)
FN:14,(anonymous_3)
FN:18,(anonymous_4)
FN:35,(anonymous_5)
FN:36,(anonymous_6)
FN:38,(anonymous_7)
FN:45,(anonymous_8)
FN:52,(anonymous_9)
FN:53,(anonymous_10)
FN:55,(anonymous_11)
FN:59,(anonymous_12)
FN:63,(anonymous_13)
FN:64,(anonymous_14)
FN:66,(anonymous_15)
FN:72,(anonymous_16)
FN:76,(anonymous_17)
FN:77,(anonymous_18)
FN:79,(anonymous_19)
FNF:20
FNH:20
FNDA:1,(anonymous_0)
FNDA:1,(anonymous_1)
FNDA:1,(anonymous_2)
FNDA:1,(anonymous_3)
FNDA:1,(anonymous_4)
FNDA:1,(anonymous_5)
FNDA:1,(anonymous_6)
FNDA:1,(anonymous_7)
FNDA:1,(anonymous_8)
FNDA:1,(anonymous_9)
FNDA:1,(anonymous_10)
FNDA:1,(anonymous_11)
FNDA:1,(anonymous_12)
FNDA:1,(anonymous_13)
FNDA:1,(anonymous_14)
FNDA:1,(anonymous_15)
FNDA:1,(anonymous_16)
FNDA:1,(anonymous_17)
FNDA:1,(anonymous_18)
FNDA:1,(anonymous_19)
DA:6,6
DA:7,1
DA:8,1
DA:11,6
DA:12,1
DA:13,1
DA:14,1
DA:18,6
DA:19,1
DA:35,6
DA:36,1
DA:37,1
DA:39,1
DA:45,6
DA:46,1
DA:52,6
DA:53,1
DA:54,1
DA:55,1
DA:59,6
DA:60,1
DA:63,6
DA:64,1
DA:65,1
DA:67,1
DA:72,6
DA:73,1
DA:76,6
DA:77,1
DA:78,1
DA:80,1
LF:31
LH:31
BRF:0
BRH:0
end_of_record
TN:
SF:/home/snusun/swpp-hw3-snusun/src/store/actions/index.js
FNF:0
FNH:0
LF:0
LH:0
BRF:0
BRH:0
end_of_record
TN:
SF:/home/snusun/swpp-hw3-snusun/src/store/actions/login.js
FN:5,(anonymous_0)
FN:9,(anonymous_1)
FN:10,(anonymous_2)
FN:12,(anonymous_3)
FN:16,(anonymous_4)
FN:20,(anonymous_5)
FN:21,(anonymous_6)
FN:23,(anonymous_7)
FN:27,(anonymous_8)
FN:32,(anonymous_9)
FN:33,(anonymous_10)
FN:35,(anonymous_11)
FN:40,(anonymous_12)
FN:44,(anonymous_13)
FN:45,(anonymous_14)
FNF:15
FNH:15
FNDA:7,(anonymous_0)
FNDA:7,(anonymous_1)
FNDA:7,(anonymous_2)
FNDA:7,(anonymous_3)
FNDA:1,(anonymous_4)
FNDA:1,(anonymous_5)
FNDA:1,(anonymous_6)
FNDA:1,(anonymous_7)
FNDA:1,(anonymous_8)
FNDA:1,(anonymous_9)
FNDA:1,(anonymous_10)
FNDA:1,(anonymous_11)
FNDA:1,(anonymous_12)
FNDA:1,(anonymous_13)
FNDA:1,(anonymous_14)
DA:5,6
DA:6,7
DA:9,6
DA:10,7
DA:11,7
DA:12,7
DA:16,6
DA:17,1
DA:20,6
DA:21,1
DA:22,1
DA:23,1
DA:27,6
DA:28,1
DA:32,6
DA:33,1
DA:34,1
DA:35,1
DA:40,6
DA:41,1
DA:44,6
DA:45,1
DA:46,1
DA:47,1
LF:24
LH:24
BRF:0
BRH:0
end_of_record
TN:
SF:/home/snusun/swpp-hw3-snusun/src/store/reducers/article.js
FN:9,(anonymous_0)
FN:18,(anonymous_1)
FNF:2
FNH:2
FNDA:42,(anonymous_0)
FNDA:3,(anonymous_1)
DA:3,9
DA:9,9
DA:10,42
DA:12,2
DA:16,2
DA:18,3
DA:19,2
DA:21,2
DA:23,2
DA:26,34
LF:10
LH:10
BRDA:9,0,0,28
BRDA:10,1,0,2
BRDA:10,1,1,2
BRDA:10,1,2,2
BRDA:10,1,3,2
BRF:5
BRH:5
end_of_record
TN:
SF:/home/snusun/swpp-hw3-snusun/src/store/reducers/comment.js
FN:17,(anonymous_0)
FN:26,(anonymous_1)
FN:30,(anonymous_2)
FNF:3
FNH:3
FNDA:37,(anonymous_0)
FNDA:2,(anonymous_1)
FNDA:1,(anonymous_2)
DA:3,8
DA:17,8
DA:18,37
DA:20,1
DA:24,1
DA:26,2
DA:27,1
DA:29,1
DA:30,1
DA:31,1
DA:37,1
DA:39,1
DA:42,32
LF:13
LH:13
BRDA:17,0,0,24
BRDA:18,1,0,1
BRDA:18,1,1,1
BRDA:18,1,2,1
BRDA:18,1,3,1
BRDA:18,1,4,1
BRF:6
BRH:6
end_of_record
TN:
SF:/home/snusun/swpp-hw3-snusun/src/store/reducers/login.js
FN:9,(anonymous_0)
FN:16,(anonymous_1)
FNF:2
FNH:2
FNDA:42,(anonymous_0)
FNDA:4,(anonymous_1)
DA:3,9
DA:9,9
DA:10,42
DA:12,2
DA:14,2
DA:16,4
DA:17,2
DA:19,2
DA:22,34
LF:9
LH:9
BRDA:9,0,0,28
BRDA:10,1,0,2
BRDA:10,1,1,2
BRDA:10,1,2,2
BRDA:10,1,3,2
BRDA:16,2,0,4
BRDA:16,2,1,0
BRF:7
BRH:6
end_of_record
TN:
SF:/home/snusun/swpp-hw3-snusun/src/test-utils/mocks.js
FN:10,(anonymous_0)
FN:10,(anonymous_1)
FN:19,(anonymous_2)
FNF:3
FNH:3
FNDA:48,(anonymous_0)
FNDA:267,(anonymous_1)
FNDA:16,(anonymous_2)
DA:9,5
DA:10,48
DA:11,267
DA:13,267
DA:15,267
DA:19,5
DA:20,16
DA:21,16
DA:22,16
DA:23,16
DA:29,16
DA:30,16
DA:32,16
LF:13
LH:13
BRDA:10,0,0,144
BRDA:11,1,0,267
BRDA:29,2,0,16
BRDA:29,2,1,16
BRF:4
BRH:4
end_of_record
