{"/home/snusun/swpp-hw3-snusun/src/App.js": {"path":"/home/snusun/swpp-hw3-snusun/src/App.js","statementMap":{"0":{"start":{"line":17,"column":4},"end":{"line":19,"column":5}},"1":{"start":{"line":18,"column":6},"end":{"line":18,"column":39}},"2":{"start":{"line":23,"column":4},"end":{"line":43,"column":6}},"3":{"start":{"line":28,"column":56},"end":{"line":28,"column":89}},"4":{"start":{"line":29,"column":67},"end":{"line":29,"column":91}},"5":{"start":{"line":30,"column":64},"end":{"line":30,"column":88}},"6":{"start":{"line":31,"column":34},"end":{"line":31,"column":52}},"7":{"start":{"line":47,"column":24},"end":{"line":51,"column":1}},"8":{"start":{"line":48,"column":2},"end":{"line":50,"column":3}}},"fnMap":{"0":{"name":"(anonymous_0)","decl":{"start":{"line":16,"column":2},"end":{"line":16,"column":3}},"loc":{"start":{"line":16,"column":22},"end":{"line":20,"column":3}},"line":16},"1":{"name":"(anonymous_1)","decl":{"start":{"line":22,"column":2},"end":{"line":22,"column":3}},"loc":{"start":{"line":22,"column":11},"end":{"line":44,"column":3}},"line":22},"2":{"name":"(anonymous_2)","decl":{"start":{"line":28,"column":50},"end":{"line":28,"column":51}},"loc":{"start":{"line":28,"column":56},"end":{"line":28,"column":89}},"line":28},"3":{"name":"(anonymous_3)","decl":{"start":{"line":29,"column":57},"end":{"line":29,"column":58}},"loc":{"start":{"line":29,"column":67},"end":{"line":29,"column":91}},"line":29},"4":{"name":"(anonymous_4)","decl":{"start":{"line":30,"column":54},"end":{"line":30,"column":55}},"loc":{"start":{"line":30,"column":64},"end":{"line":30,"column":88}},"line":30},"5":{"name":"(anonymous_5)","decl":{"start":{"line":31,"column":28},"end":{"line":31,"column":29}},"loc":{"start":{"line":31,"column":34},"end":{"line":31,"column":52}},"line":31},"6":{"name":"(anonymous_6)","decl":{"start":{"line":47,"column":24},"end":{"line":47,"column":25}},"loc":{"start":{"line":47,"column":33},"end":{"line":51,"column":1}},"line":47}},"branchMap":{"0":{"loc":{"start":{"line":17,"column":4},"end":{"line":19,"column":5}},"type":"if","locations":[{"start":{"line":17,"column":4},"end":{"line":19,"column":5}},{"start":{"line":17,"column":4},"end":{"line":19,"column":5}}],"line":17},"1":{"loc":{"start":{"line":26,"column":12},"end":{"line":39,"column":11}},"type":"cond-expr","locations":[{"start":{"line":27,"column":10},"end":{"line":33,"column":21}},{"start":{"line":35,"column":12},"end":{"line":38,"column":21}}],"line":26}},"s":{"0":3,"1":2,"2":3,"3":0,"4":0,"5":0,"6":1,"7":1,"8":4},"f":{"0":3,"1":3,"2":0,"3":0,"4":0,"5":1,"6":4},"b":{"0":[2,1],"1":[1,2]},"_coverageSchema":"43e27e138ebf9cfc5966b082cf9a028302ed4184","hash":"5d90340c9a3c25342338f535d2b590ea72ff58f5"}
,"/home/snusun/swpp-hw3-snusun/src/components/ArticleDetail.js": {"path":"/home/snusun/swpp-hw3-snusun/src/components/ArticleDetail.js","statementMap":{"0":{"start":{"line":3,"column":22},"end":{"line":33,"column":1}},"1":{"start":{"line":4,"column":4},"end":{"line":32,"column":6}}},"fnMap":{"0":{"name":"(anonymous_0)","decl":{"start":{"line":3,"column":22},"end":{"line":3,"column":23}},"loc":{"start":{"line":3,"column":33},"end":{"line":33,"column":1}},"line":3}},"branchMap":{},"s":{"0":3,"1":2},"f":{"0":2},"b":{},"_coverageSchema":"43e27e138ebf9cfc5966b082cf9a028302ed4184","hash":"e1cb249f6acc24da0ec51c66a29192350dff6aa1"}
,"/home/snusun/swpp-hw3-snusun/src/components/Article/Article.js": {"path":"/home/snusun/swpp-hw3-snusun/src/components/Article/Article.js","statementMap":{"0":{"start":{"line":3,"column":16},"end":{"line":14,"column":1}},"1":{"start":{"line":4,"column":4},"end":{"line":13,"column":6}}},"fnMap":{"0":{"name":"(anonymous_0)","decl":{"start":{"line":3,"column":16},"end":{"line":3,"column":17}},"loc":{"start":{"line":3,"column":25},"end":{"line":14,"column":1}},"line":3}},"branchMap":{},"s":{"0":2,"1":2},"f":{"0":2},"b":{},"_coverageSchema":"43e27e138ebf9cfc5966b082cf9a028302ed4184","hash":"77442ae4a0449fa99f08fbe3e6610ff96c82c543"}
,"/home/snusun/swpp-hw3-snusun/src/components/Comment/Comment.js": {"path":"/home/snusun/swpp-hw3-snusun/src/components/Comment/Comment.js","statementMap":{"0":{"start":{"line":3,"column":16},"end":{"line":15,"column":1}},"1":{"start":{"line":5,"column":4},"end":{"line":14,"column":6}}},"fnMap":{"0":{"name":"(anonymous_0)","decl":{"start":{"line":3,"column":16},"end":{"line":3,"column":17}},"loc":{"start":{"line":3,"column":25},"end":{"line":15,"column":1}},"line":3}},"branchMap":{},"s":{"0":5,"1":5},"f":{"0":5},"b":{},"_coverageSchema":"43e27e138ebf9cfc5966b082cf9a028302ed4184","hash":"dae006e78dc8448462808c230a8b84ee94c2ce3b"}
,"/home/snusun/swpp-hw3-snusun/src/containers/ArticleList/ArticleList.js": {"path":"/home/snusun/swpp-hw3-snusun/src/containers/ArticleList/ArticleList.js","statementMap":{"0":{"start":{"line":16,"column":8},"end":{"line":16,"column":30}},"1":{"start":{"line":19,"column":26},"end":{"line":21,"column":5}},"2":{"start":{"line":20,"column":8},"end":{"line":20,"column":55}},"3":{"start":{"line":23,"column":25},"end":{"line":25,"column":5}},"4":{"start":{"line":24,"column":8},"end":{"line":24,"column":52}},"5":{"start":{"line":27,"column":25},"end":{"line":29,"column":5}},"6":{"start":{"line":28,"column":8},"end":{"line":28,"column":28}},"7":{"start":{"line":32,"column":25},"end":{"line":37,"column":10}},"8":{"start":{"line":33,"column":12},"end":{"line":36,"column":75}},"9":{"start":{"line":35,"column":62},"end":{"line":35,"column":87}},"10":{"start":{"line":36,"column":40},"end":{"line":36,"column":69}},"11":{"start":{"line":39,"column":8},"end":{"line":49,"column":10}},"12":{"start":{"line":46,"column":40},"end":{"line":46,"column":65}},"13":{"start":{"line":47,"column":59},"end":{"line":47,"column":84}},"14":{"start":{"line":53,"column":24},"end":{"line":60,"column":1}},"15":{"start":{"line":54,"column":4},"end":{"line":59,"column":6}},"16":{"start":{"line":63,"column":27},"end":{"line":68,"column":1}},"17":{"start":{"line":64,"column":4},"end":{"line":67,"column":5}},"18":{"start":{"line":65,"column":24},"end":{"line":65,"column":62}},"19":{"start":{"line":66,"column":22},"end":{"line":66,"column":55}}},"fnMap":{"0":{"name":"(anonymous_0)","decl":{"start":{"line":14,"column":4},"end":{"line":14,"column":5}},"loc":{"start":{"line":14,"column":24},"end":{"line":17,"column":5}},"line":14},"1":{"name":"(anonymous_1)","decl":{"start":{"line":19,"column":26},"end":{"line":19,"column":27}},"loc":{"start":{"line":19,"column":33},"end":{"line":21,"column":5}},"line":19},"2":{"name":"(anonymous_2)","decl":{"start":{"line":23,"column":25},"end":{"line":23,"column":26}},"loc":{"start":{"line":23,"column":31},"end":{"line":25,"column":5}},"line":23},"3":{"name":"(anonymous_3)","decl":{"start":{"line":27,"column":25},"end":{"line":27,"column":26}},"loc":{"start":{"line":27,"column":31},"end":{"line":29,"column":5}},"line":27},"4":{"name":"(anonymous_4)","decl":{"start":{"line":31,"column":4},"end":{"line":31,"column":5}},"loc":{"start":{"line":31,"column":13},"end":{"line":50,"column":5}},"line":31},"5":{"name":"(anonymous_5)","decl":{"start":{"line":32,"column":55},"end":{"line":32,"column":56}},"loc":{"start":{"line":32,"column":64},"end":{"line":37,"column":9}},"line":32},"6":{"name":"(anonymous_6)","decl":{"start":{"line":35,"column":53},"end":{"line":35,"column":54}},"loc":{"start":{"line":35,"column":62},"end":{"line":35,"column":87}},"line":35},"7":{"name":"(anonymous_7)","decl":{"start":{"line":36,"column":34},"end":{"line":36,"column":35}},"loc":{"start":{"line":36,"column":40},"end":{"line":36,"column":69}},"line":36},"8":{"name":"(anonymous_8)","decl":{"start":{"line":46,"column":34},"end":{"line":46,"column":35}},"loc":{"start":{"line":46,"column":40},"end":{"line":46,"column":65}},"line":46},"9":{"name":"(anonymous_9)","decl":{"start":{"line":47,"column":53},"end":{"line":47,"column":54}},"loc":{"start":{"line":47,"column":59},"end":{"line":47,"column":84}},"line":47},"10":{"name":"(anonymous_10)","decl":{"start":{"line":53,"column":24},"end":{"line":53,"column":25}},"loc":{"start":{"line":53,"column":33},"end":{"line":60,"column":1}},"line":53},"11":{"name":"(anonymous_11)","decl":{"start":{"line":63,"column":27},"end":{"line":63,"column":28}},"loc":{"start":{"line":63,"column":39},"end":{"line":68,"column":1}},"line":63},"12":{"name":"(anonymous_12)","decl":{"start":{"line":65,"column":18},"end":{"line":65,"column":19}},"loc":{"start":{"line":65,"column":24},"end":{"line":65,"column":62}},"line":65},"13":{"name":"(anonymous_13)","decl":{"start":{"line":66,"column":16},"end":{"line":66,"column":17}},"loc":{"start":{"line":66,"column":22},"end":{"line":66,"column":55}},"line":66}},"branchMap":{},"s":{"0":0,"1":8,"2":0,"3":8,"4":0,"5":8,"6":0,"7":8,"8":8,"9":24,"10":0,"11":0,"12":0,"13":0,"14":2,"15":4,"16":2,"17":4,"18":0,"19":0},"f":{"0":0,"1":0,"2":0,"3":0,"4":8,"5":8,"6":24,"7":0,"8":0,"9":0,"10":4,"11":4,"12":0,"13":0},"b":{},"_coverageSchema":"43e27e138ebf9cfc5966b082cf9a028302ed4184","hash":"c0233f0db33552942b4d430e14b90388c226e5c4"}
,"/home/snusun/swpp-hw3-snusun/src/containers/ArticleList/NewArticle/NewArticle.js": {"path":"/home/snusun/swpp-hw3-snusun/src/containers/ArticleList/NewArticle/NewArticle.js","statementMap":{"0":{"start":{"line":9,"column":10},"end":{"line":15,"column":3}},"1":{"start":{"line":17,"column":23},"end":{"line":23,"column":4}},"2":{"start":{"line":18,"column":4},"end":{"line":22,"column":5}},"3":{"start":{"line":19,"column":6},"end":{"line":19,"column":39}},"4":{"start":{"line":20,"column":6},"end":{"line":20,"column":92}},"5":{"start":{"line":21,"column":6},"end":{"line":21,"column":41}},"6":{"start":{"line":25,"column":21},"end":{"line":27,"column":3}},"7":{"start":{"line":26,"column":4},"end":{"line":26,"column":41}},"8":{"start":{"line":29,"column":23},"end":{"line":31,"column":3}},"9":{"start":{"line":30,"column":4},"end":{"line":30,"column":24}},"10":{"start":{"line":33,"column":22},"end":{"line":35,"column":3}},"11":{"start":{"line":34,"column":4},"end":{"line":34,"column":42}},"12":{"start":{"line":37,"column":24},"end":{"line":39,"column":3}},"13":{"start":{"line":38,"column":4},"end":{"line":38,"column":41}},"14":{"start":{"line":42,"column":4},"end":{"line":88,"column":5}},"15":{"start":{"line":49,"column":39},"end":{"line":49,"column":83}},"16":{"start":{"line":54,"column":35},"end":{"line":54,"column":81}},"17":{"start":{"line":57,"column":67},"end":{"line":57,"column":90}},"18":{"start":{"line":58,"column":73},"end":{"line":58,"column":101}},"19":{"start":{"line":60,"column":59},"end":{"line":60,"column":85}},"20":{"start":{"line":64,"column":55},"end":{"line":64,"column":80}},"21":{"start":{"line":71,"column":74},"end":{"line":71,"column":106}},"22":{"start":{"line":76,"column":65},"end":{"line":76,"column":88}},"23":{"start":{"line":77,"column":71},"end":{"line":77,"column":99}},"24":{"start":{"line":80,"column":55},"end":{"line":80,"column":79}},"25":{"start":{"line":83,"column":53},"end":{"line":83,"column":78}},"26":{"start":{"line":93,"column":24},"end":{"line":98,"column":1}},"27":{"start":{"line":94,"column":4},"end":{"line":97,"column":6}},"28":{"start":{"line":100,"column":27},"end":{"line":106,"column":1}},"29":{"start":{"line":101,"column":2},"end":{"line":105,"column":4}},"30":{"start":{"line":103,"column":6},"end":{"line":103,"column":98}},"31":{"start":{"line":104,"column":18},"end":{"line":104,"column":51}}},"fnMap":{"0":{"name":"(anonymous_0)","decl":{"start":{"line":17,"column":23},"end":{"line":17,"column":24}},"loc":{"start":{"line":17,"column":32},"end":{"line":23,"column":4}},"line":17},"1":{"name":"(anonymous_1)","decl":{"start":{"line":25,"column":21},"end":{"line":25,"column":22}},"loc":{"start":{"line":25,"column":27},"end":{"line":27,"column":3}},"line":25},"2":{"name":"(anonymous_2)","decl":{"start":{"line":29,"column":23},"end":{"line":29,"column":24}},"loc":{"start":{"line":29,"column":29},"end":{"line":31,"column":3}},"line":29},"3":{"name":"(anonymous_3)","decl":{"start":{"line":33,"column":22},"end":{"line":33,"column":23}},"loc":{"start":{"line":33,"column":28},"end":{"line":35,"column":3}},"line":33},"4":{"name":"(anonymous_4)","decl":{"start":{"line":37,"column":24},"end":{"line":37,"column":25}},"loc":{"start":{"line":37,"column":30},"end":{"line":39,"column":3}},"line":37},"5":{"name":"(anonymous_5)","decl":{"start":{"line":41,"column":2},"end":{"line":41,"column":3}},"loc":{"start":{"line":41,"column":11},"end":{"line":89,"column":3}},"line":41},"6":{"name":"(anonymous_6)","decl":{"start":{"line":49,"column":28},"end":{"line":49,"column":29}},"loc":{"start":{"line":49,"column":39},"end":{"line":49,"column":83}},"line":49},"7":{"name":"(anonymous_7)","decl":{"start":{"line":54,"column":24},"end":{"line":54,"column":25}},"loc":{"start":{"line":54,"column":35},"end":{"line":54,"column":81}},"line":54},"8":{"name":"(anonymous_8)","decl":{"start":{"line":57,"column":61},"end":{"line":57,"column":62}},"loc":{"start":{"line":57,"column":67},"end":{"line":57,"column":90}},"line":57},"9":{"name":"(anonymous_9)","decl":{"start":{"line":58,"column":64},"end":{"line":58,"column":65}},"loc":{"start":{"line":58,"column":73},"end":{"line":58,"column":101}},"line":58},"10":{"name":"(anonymous_10)","decl":{"start":{"line":60,"column":53},"end":{"line":60,"column":54}},"loc":{"start":{"line":60,"column":59},"end":{"line":60,"column":85}},"line":60},"11":{"name":"(anonymous_11)","decl":{"start":{"line":64,"column":49},"end":{"line":64,"column":50}},"loc":{"start":{"line":64,"column":55},"end":{"line":64,"column":80}},"line":64},"12":{"name":"(anonymous_12)","decl":{"start":{"line":71,"column":65},"end":{"line":71,"column":66}},"loc":{"start":{"line":71,"column":74},"end":{"line":71,"column":106}},"line":71},"13":{"name":"(anonymous_13)","decl":{"start":{"line":76,"column":59},"end":{"line":76,"column":60}},"loc":{"start":{"line":76,"column":65},"end":{"line":76,"column":88}},"line":76},"14":{"name":"(anonymous_14)","decl":{"start":{"line":77,"column":62},"end":{"line":77,"column":63}},"loc":{"start":{"line":77,"column":71},"end":{"line":77,"column":99}},"line":77},"15":{"name":"(anonymous_15)","decl":{"start":{"line":80,"column":49},"end":{"line":80,"column":50}},"loc":{"start":{"line":80,"column":55},"end":{"line":80,"column":79}},"line":80},"16":{"name":"(anonymous_16)","decl":{"start":{"line":83,"column":47},"end":{"line":83,"column":48}},"loc":{"start":{"line":83,"column":53},"end":{"line":83,"column":78}},"line":83},"17":{"name":"(anonymous_17)","decl":{"start":{"line":93,"column":24},"end":{"line":93,"column":25}},"loc":{"start":{"line":93,"column":33},"end":{"line":98,"column":1}},"line":93},"18":{"name":"(anonymous_18)","decl":{"start":{"line":100,"column":27},"end":{"line":100,"column":28}},"loc":{"start":{"line":100,"column":39},"end":{"line":106,"column":1}},"line":100},"19":{"name":"(anonymous_19)","decl":{"start":{"line":102,"column":20},"end":{"line":102,"column":21}},"loc":{"start":{"line":103,"column":6},"end":{"line":103,"column":98}},"line":103},"20":{"name":"(anonymous_20)","decl":{"start":{"line":104,"column":12},"end":{"line":104,"column":13}},"loc":{"start":{"line":104,"column":18},"end":{"line":104,"column":51}},"line":104}},"branchMap":{"0":{"loc":{"start":{"line":18,"column":4},"end":{"line":22,"column":5}},"type":"if","locations":[{"start":{"line":18,"column":4},"end":{"line":22,"column":5}},{"start":{"line":18,"column":4},"end":{"line":22,"column":5}}],"line":18},"1":{"loc":{"start":{"line":18,"column":9},"end":{"line":18,"column":61}},"type":"binary-expr","locations":[{"start":{"line":18,"column":9},"end":{"line":18,"column":32}},{"start":{"line":18,"column":36},"end":{"line":18,"column":61}}],"line":18},"2":{"loc":{"start":{"line":43,"column":6},"end":{"line":87,"column":7}},"type":"cond-expr","locations":[{"start":{"line":44,"column":8},"end":{"line":66,"column":14}},{"start":{"line":68,"column":8},"end":{"line":86,"column":12}}],"line":43},"3":{"loc":{"start":{"line":59,"column":25},"end":{"line":59,"column":77}},"type":"binary-expr","locations":[{"start":{"line":59,"column":25},"end":{"line":59,"column":48}},{"start":{"line":59,"column":52},"end":{"line":59,"column":77}}],"line":59},"4":{"loc":{"start":{"line":78,"column":23},"end":{"line":78,"column":75}},"type":"binary-expr","locations":[{"start":{"line":78,"column":23},"end":{"line":78,"column":46}},{"start":{"line":78,"column":50},"end":{"line":78,"column":75}}],"line":78}},"s":{"0":9,"1":9,"2":0,"3":0,"4":0,"5":0,"6":9,"7":2,"8":9,"9":1,"10":9,"11":0,"12":9,"13":1,"14":10,"15":0,"16":0,"17":2,"18":0,"19":1,"20":1,"21":1,"22":0,"23":0,"24":0,"25":0,"26":3,"27":9,"28":3,"29":9,"30":0,"31":1},"f":{"0":0,"1":2,"2":1,"3":0,"4":1,"5":10,"6":0,"7":0,"8":2,"9":0,"10":1,"11":1,"12":1,"13":0,"14":0,"15":0,"16":0,"17":9,"18":9,"19":0,"20":1},"b":{"0":[0,0],"1":[0,0],"2":[9,1],"3":[9,0],"4":[1,0]},"_coverageSchema":"43e27e138ebf9cfc5966b082cf9a028302ed4184","hash":"6055c496030f7c7925d15dee03e0eed1f6942788"}
,"/home/snusun/swpp-hw3-snusun/src/containers/ArticleList/RealDetail/RealDetail.js": {"path":"/home/snusun/swpp-hw3-snusun/src/containers/ArticleList/RealDetail/RealDetail.js","statementMap":{"0":{"start":{"line":9,"column":12},"end":{"line":13,"column":5}},"1":{"start":{"line":16,"column":8},"end":{"line":16,"column":70}},"2":{"start":{"line":17,"column":8},"end":{"line":17,"column":71}},"3":{"start":{"line":21,"column":23},"end":{"line":23,"column":5}},"4":{"start":{"line":22,"column":8},"end":{"line":22,"column":45}},"5":{"start":{"line":25,"column":32},"end":{"line":29,"column":5}},"6":{"start":{"line":26,"column":8},"end":{"line":26,"column":41}},"7":{"start":{"line":27,"column":8},"end":{"line":27,"column":43}},"8":{"start":{"line":28,"column":8},"end":{"line":28,"column":45}},"9":{"start":{"line":31,"column":25},"end":{"line":33,"column":5}},"10":{"start":{"line":32,"column":8},"end":{"line":32,"column":28}},"11":{"start":{"line":35,"column":30},"end":{"line":42,"column":5}},"12":{"start":{"line":36,"column":8},"end":{"line":36,"column":71}},"13":{"start":{"line":37,"column":22},"end":{"line":37,"column":105}},"14":{"start":{"line":37,"column":82},"end":{"line":37,"column":95}},"15":{"start":{"line":38,"column":8},"end":{"line":40,"column":9}},"16":{"start":{"line":39,"column":12},"end":{"line":39,"column":42}},"17":{"start":{"line":41,"column":8},"end":{"line":41,"column":71}},"18":{"start":{"line":44,"column":32},"end":{"line":48,"column":5}},"19":{"start":{"line":45,"column":8},"end":{"line":45,"column":49}},"20":{"start":{"line":46,"column":8},"end":{"line":46,"column":71}},"21":{"start":{"line":50,"column":25},"end":{"line":54,"column":5}},"22":{"start":{"line":51,"column":8},"end":{"line":51,"column":99}},"23":{"start":{"line":52,"column":8},"end":{"line":52,"column":71}},"24":{"start":{"line":53,"column":8},"end":{"line":53,"column":40}},"25":{"start":{"line":57,"column":8},"end":{"line":57,"column":48}},"26":{"start":{"line":58,"column":18},"end":{"line":58,"column":20}},"27":{"start":{"line":58,"column":30},"end":{"line":58,"column":32}},"28":{"start":{"line":58,"column":44},"end":{"line":58,"column":45}},"29":{"start":{"line":58,"column":52},"end":{"line":58,"column":54}},"30":{"start":{"line":59,"column":8},"end":{"line":64,"column":9}},"31":{"start":{"line":60,"column":12},"end":{"line":60,"column":53}},"32":{"start":{"line":61,"column":12},"end":{"line":61,"column":57}},"33":{"start":{"line":62,"column":12},"end":{"line":62,"column":61}},"34":{"start":{"line":63,"column":12},"end":{"line":63,"column":81}},"35":{"start":{"line":63,"column":51},"end":{"line":63,"column":72}},"36":{"start":{"line":67,"column":25},"end":{"line":73,"column":10}},"37":{"start":{"line":68,"column":12},"end":{"line":72,"column":91}},"38":{"start":{"line":70,"column":69},"end":{"line":70,"column":94}},"39":{"start":{"line":71,"column":44},"end":{"line":71,"column":85}},"40":{"start":{"line":72,"column":46},"end":{"line":72,"column":84}},"41":{"start":{"line":75,"column":8},"end":{"line":136,"column":10}},"42":{"start":{"line":89,"column":79},"end":{"line":89,"column":114}},"43":{"start":{"line":90,"column":80},"end":{"line":90,"column":103}},"44":{"start":{"line":94,"column":49},"end":{"line":94,"column":94}},"45":{"start":{"line":97,"column":83},"end":{"line":97,"column":108}},"46":{"start":{"line":103,"column":67},"end":{"line":103,"column":92}},"47":{"start":{"line":119,"column":76},"end":{"line":119,"column":99}},"48":{"start":{"line":123,"column":45},"end":{"line":123,"column":90}},"49":{"start":{"line":126,"column":79},"end":{"line":126,"column":104}},"50":{"start":{"line":132,"column":63},"end":{"line":132,"column":88}},"51":{"start":{"line":140,"column":24},"end":{"line":149,"column":3}},"52":{"start":{"line":141,"column":4},"end":{"line":148,"column":6}},"53":{"start":{"line":151,"column":27},"end":{"line":163,"column":3}},"54":{"start":{"line":152,"column":4},"end":{"line":162,"column":5}},"55":{"start":{"line":153,"column":28},"end":{"line":153,"column":67}},"56":{"start":{"line":154,"column":31},"end":{"line":154,"column":73}},"57":{"start":{"line":155,"column":20},"end":{"line":155,"column":53}},"58":{"start":{"line":156,"column":29},"end":{"line":156,"column":69}},"59":{"start":{"line":158,"column":8},"end":{"line":158,"column":110}},"60":{"start":{"line":159,"column":30},"end":{"line":159,"column":70}},"61":{"start":{"line":160,"column":31},"end":{"line":160,"column":73}},"62":{"start":{"line":161,"column":30},"end":{"line":161,"column":79}}},"fnMap":{"0":{"name":"(anonymous_0)","decl":{"start":{"line":15,"column":4},"end":{"line":15,"column":5}},"loc":{"start":{"line":15,"column":24},"end":{"line":19,"column":5}},"line":15},"1":{"name":"(anonymous_1)","decl":{"start":{"line":21,"column":23},"end":{"line":21,"column":24}},"loc":{"start":{"line":21,"column":29},"end":{"line":23,"column":5}},"line":21},"2":{"name":"(anonymous_2)","decl":{"start":{"line":25,"column":32},"end":{"line":25,"column":33}},"loc":{"start":{"line":25,"column":41},"end":{"line":29,"column":5}},"line":25},"3":{"name":"(anonymous_3)","decl":{"start":{"line":31,"column":25},"end":{"line":31,"column":26}},"loc":{"start":{"line":31,"column":31},"end":{"line":33,"column":5}},"line":31},"4":{"name":"(anonymous_4)","decl":{"start":{"line":35,"column":30},"end":{"line":35,"column":31}},"loc":{"start":{"line":35,"column":43},"end":{"line":42,"column":5}},"line":35},"5":{"name":"(anonymous_5)","decl":{"start":{"line":37,"column":75},"end":{"line":37,"column":76}},"loc":{"start":{"line":37,"column":82},"end":{"line":37,"column":95}},"line":37},"6":{"name":"(anonymous_6)","decl":{"start":{"line":44,"column":32},"end":{"line":44,"column":33}},"loc":{"start":{"line":44,"column":40},"end":{"line":48,"column":5}},"line":44},"7":{"name":"(anonymous_7)","decl":{"start":{"line":50,"column":25},"end":{"line":50,"column":26}},"loc":{"start":{"line":50,"column":31},"end":{"line":54,"column":5}},"line":50},"8":{"name":"(anonymous_8)","decl":{"start":{"line":56,"column":4},"end":{"line":56,"column":5}},"loc":{"start":{"line":56,"column":13},"end":{"line":137,"column":5}},"line":56},"9":{"name":"(anonymous_9)","decl":{"start":{"line":63,"column":42},"end":{"line":63,"column":43}},"loc":{"start":{"line":63,"column":51},"end":{"line":63,"column":72}},"line":63},"10":{"name":"(anonymous_10)","decl":{"start":{"line":67,"column":56},"end":{"line":67,"column":57}},"loc":{"start":{"line":67,"column":65},"end":{"line":73,"column":9}},"line":67},"11":{"name":"(anonymous_11)","decl":{"start":{"line":70,"column":60},"end":{"line":70,"column":61}},"loc":{"start":{"line":70,"column":69},"end":{"line":70,"column":94}},"line":70},"12":{"name":"(anonymous_12)","decl":{"start":{"line":71,"column":38},"end":{"line":71,"column":39}},"loc":{"start":{"line":71,"column":44},"end":{"line":71,"column":85}},"line":71},"13":{"name":"(anonymous_13)","decl":{"start":{"line":72,"column":40},"end":{"line":72,"column":41}},"loc":{"start":{"line":72,"column":46},"end":{"line":72,"column":84}},"line":72},"14":{"name":"(anonymous_14)","decl":{"start":{"line":89,"column":70},"end":{"line":89,"column":71}},"loc":{"start":{"line":89,"column":79},"end":{"line":89,"column":114}},"line":89},"15":{"name":"(anonymous_15)","decl":{"start":{"line":90,"column":74},"end":{"line":90,"column":75}},"loc":{"start":{"line":90,"column":80},"end":{"line":90,"column":103}},"line":90},"16":{"name":"(anonymous_16)","decl":{"start":{"line":94,"column":38},"end":{"line":94,"column":39}},"loc":{"start":{"line":94,"column":49},"end":{"line":94,"column":94}},"line":94},"17":{"name":"(anonymous_17)","decl":{"start":{"line":97,"column":77},"end":{"line":97,"column":78}},"loc":{"start":{"line":97,"column":83},"end":{"line":97,"column":108}},"line":97},"18":{"name":"(anonymous_18)","decl":{"start":{"line":103,"column":61},"end":{"line":103,"column":62}},"loc":{"start":{"line":103,"column":67},"end":{"line":103,"column":92}},"line":103},"19":{"name":"(anonymous_19)","decl":{"start":{"line":119,"column":70},"end":{"line":119,"column":71}},"loc":{"start":{"line":119,"column":76},"end":{"line":119,"column":99}},"line":119},"20":{"name":"(anonymous_20)","decl":{"start":{"line":123,"column":34},"end":{"line":123,"column":35}},"loc":{"start":{"line":123,"column":45},"end":{"line":123,"column":90}},"line":123},"21":{"name":"(anonymous_21)","decl":{"start":{"line":126,"column":73},"end":{"line":126,"column":74}},"loc":{"start":{"line":126,"column":79},"end":{"line":126,"column":104}},"line":126},"22":{"name":"(anonymous_22)","decl":{"start":{"line":132,"column":57},"end":{"line":132,"column":58}},"loc":{"start":{"line":132,"column":63},"end":{"line":132,"column":88}},"line":132},"23":{"name":"(anonymous_23)","decl":{"start":{"line":140,"column":24},"end":{"line":140,"column":25}},"loc":{"start":{"line":140,"column":33},"end":{"line":149,"column":3}},"line":140},"24":{"name":"(anonymous_24)","decl":{"start":{"line":151,"column":27},"end":{"line":151,"column":28}},"loc":{"start":{"line":151,"column":39},"end":{"line":163,"column":3}},"line":151},"25":{"name":"(anonymous_25)","decl":{"start":{"line":153,"column":20},"end":{"line":153,"column":21}},"loc":{"start":{"line":153,"column":26},"end":{"line":153,"column":68}},"line":153},"26":{"name":"(anonymous_26)","decl":{"start":{"line":154,"column":23},"end":{"line":154,"column":24}},"loc":{"start":{"line":154,"column":31},"end":{"line":154,"column":73}},"line":154},"27":{"name":"(anonymous_27)","decl":{"start":{"line":155,"column":14},"end":{"line":155,"column":15}},"loc":{"start":{"line":155,"column":20},"end":{"line":155,"column":53}},"line":155},"28":{"name":"(anonymous_28)","decl":{"start":{"line":156,"column":21},"end":{"line":156,"column":22}},"loc":{"start":{"line":156,"column":29},"end":{"line":156,"column":69}},"line":156},"29":{"name":"(anonymous_29)","decl":{"start":{"line":157,"column":22},"end":{"line":157,"column":23}},"loc":{"start":{"line":158,"column":8},"end":{"line":158,"column":110}},"line":158},"30":{"name":"(anonymous_30)","decl":{"start":{"line":159,"column":20},"end":{"line":159,"column":21}},"loc":{"start":{"line":159,"column":28},"end":{"line":159,"column":71}},"line":159},"31":{"name":"(anonymous_31)","decl":{"start":{"line":160,"column":23},"end":{"line":160,"column":24}},"loc":{"start":{"line":160,"column":31},"end":{"line":160,"column":73}},"line":160},"32":{"name":"(anonymous_32)","decl":{"start":{"line":161,"column":21},"end":{"line":161,"column":22}},"loc":{"start":{"line":161,"column":30},"end":{"line":161,"column":79}},"line":161}},"branchMap":{"0":{"loc":{"start":{"line":38,"column":8},"end":{"line":40,"column":9}},"type":"if","locations":[{"start":{"line":38,"column":8},"end":{"line":40,"column":9}},{"start":{"line":38,"column":8},"end":{"line":40,"column":9}}],"line":38},"1":{"loc":{"start":{"line":59,"column":8},"end":{"line":64,"column":9}},"type":"if","locations":[{"start":{"line":59,"column":8},"end":{"line":64,"column":9}},{"start":{"line":59,"column":8},"end":{"line":64,"column":9}}],"line":59},"2":{"loc":{"start":{"line":76,"column":12},"end":{"line":135,"column":31}},"type":"cond-expr","locations":[{"start":{"line":77,"column":16},"end":{"line":106,"column":22}},{"start":{"line":108,"column":16},"end":{"line":135,"column":18}}],"line":76}},"s":{"0":17,"1":1,"2":1,"3":1,"4":0,"5":1,"6":0,"7":0,"8":0,"9":1,"10":0,"11":1,"12":0,"13":0,"14":0,"15":0,"16":0,"17":0,"18":1,"19":0,"20":0,"21":1,"22":0,"23":0,"24":0,"25":1,"26":1,"27":1,"28":1,"29":1,"30":1,"31":0,"32":0,"33":0,"34":0,"35":0,"36":1,"37":0,"38":0,"39":0,"40":0,"41":1,"42":0,"43":0,"44":0,"45":0,"46":0,"47":0,"48":0,"49":0,"50":0,"51":4,"52":9,"53":4,"54":9,"55":1,"56":0,"57":0,"58":1,"59":0,"60":0,"61":0,"62":0},"f":{"0":1,"1":0,"2":0,"3":0,"4":0,"5":0,"6":0,"7":0,"8":1,"9":0,"10":0,"11":0,"12":0,"13":0,"14":0,"15":0,"16":0,"17":0,"18":0,"19":0,"20":0,"21":0,"22":0,"23":9,"24":9,"25":1,"26":0,"27":0,"28":1,"29":0,"30":0,"31":0,"32":0},"b":{"0":[0,0],"1":[0,1],"2":[1,0]},"_coverageSchema":"43e27e138ebf9cfc5966b082cf9a028302ed4184","hash":"5c86d7bd76ac9868614d455f1c79e8d0b3a6e0bc"}
,"/home/snusun/swpp-hw3-snusun/src/containers/Login/Login.js": {"path":"/home/snusun/swpp-hw3-snusun/src/containers/Login/Login.js","statementMap":{"0":{"start":{"line":8,"column":12},"end":{"line":12,"column":5}},"1":{"start":{"line":15,"column":8},"end":{"line":15,"column":30}},"2":{"start":{"line":16,"column":8},"end":{"line":18,"column":9}},"3":{"start":{"line":17,"column":12},"end":{"line":17,"column":50}},"4":{"start":{"line":21,"column":18},"end":{"line":25,"column":5}},"5":{"start":{"line":22,"column":8},"end":{"line":24,"column":10}},"6":{"start":{"line":27,"column":21},"end":{"line":31,"column":5}},"7":{"start":{"line":28,"column":8},"end":{"line":30,"column":10}},"8":{"start":{"line":33,"column":24},"end":{"line":41,"column":5}},"9":{"start":{"line":34,"column":8},"end":{"line":40,"column":9}},"10":{"start":{"line":35,"column":12},"end":{"line":35,"column":43}},"11":{"start":{"line":36,"column":12},"end":{"line":36,"column":33}},"12":{"start":{"line":37,"column":12},"end":{"line":37,"column":35}},"13":{"start":{"line":39,"column":12},"end":{"line":39,"column":48}},"14":{"start":{"line":44,"column":8},"end":{"line":70,"column":10}},"15":{"start":{"line":66,"column":36},"end":{"line":66,"column":60}},"16":{"start":{"line":74,"column":24},"end":{"line":78,"column":1}},"17":{"start":{"line":75,"column":4},"end":{"line":77,"column":6}},"18":{"start":{"line":80,"column":27},"end":{"line":92,"column":1}},"19":{"start":{"line":81,"column":4},"end":{"line":91,"column":5}},"20":{"start":{"line":83,"column":12},"end":{"line":83,"column":45}},"21":{"start":{"line":86,"column":12},"end":{"line":86,"column":53}},"22":{"start":{"line":89,"column":12},"end":{"line":89,"column":47}}},"fnMap":{"0":{"name":"(anonymous_0)","decl":{"start":{"line":14,"column":4},"end":{"line":14,"column":5}},"loc":{"start":{"line":14,"column":24},"end":{"line":19,"column":5}},"line":14},"1":{"name":"(anonymous_1)","decl":{"start":{"line":21,"column":18},"end":{"line":21,"column":19}},"loc":{"start":{"line":21,"column":23},"end":{"line":25,"column":5}},"line":21},"2":{"name":"(anonymous_2)","decl":{"start":{"line":27,"column":21},"end":{"line":27,"column":22}},"loc":{"start":{"line":27,"column":26},"end":{"line":31,"column":5}},"line":27},"3":{"name":"(anonymous_3)","decl":{"start":{"line":33,"column":24},"end":{"line":33,"column":25}},"loc":{"start":{"line":33,"column":30},"end":{"line":41,"column":5}},"line":33},"4":{"name":"(anonymous_4)","decl":{"start":{"line":43,"column":4},"end":{"line":43,"column":5}},"loc":{"start":{"line":43,"column":13},"end":{"line":71,"column":5}},"line":43},"5":{"name":"(anonymous_5)","decl":{"start":{"line":66,"column":30},"end":{"line":66,"column":31}},"loc":{"start":{"line":66,"column":36},"end":{"line":66,"column":60}},"line":66},"6":{"name":"(anonymous_6)","decl":{"start":{"line":74,"column":24},"end":{"line":74,"column":25}},"loc":{"start":{"line":74,"column":33},"end":{"line":78,"column":1}},"line":74},"7":{"name":"(anonymous_7)","decl":{"start":{"line":80,"column":27},"end":{"line":80,"column":28}},"loc":{"start":{"line":80,"column":39},"end":{"line":92,"column":1}},"line":80},"8":{"name":"(anonymous_8)","decl":{"start":{"line":82,"column":19},"end":{"line":82,"column":20}},"loc":{"start":{"line":82,"column":25},"end":{"line":84,"column":9}},"line":82},"9":{"name":"(anonymous_9)","decl":{"start":{"line":85,"column":18},"end":{"line":85,"column":19}},"loc":{"start":{"line":85,"column":27},"end":{"line":87,"column":9}},"line":85},"10":{"name":"(anonymous_10)","decl":{"start":{"line":88,"column":17},"end":{"line":88,"column":18}},"loc":{"start":{"line":88,"column":23},"end":{"line":90,"column":9}},"line":88}},"branchMap":{"0":{"loc":{"start":{"line":16,"column":8},"end":{"line":18,"column":9}},"type":"if","locations":[{"start":{"line":16,"column":8},"end":{"line":18,"column":9}},{"start":{"line":16,"column":8},"end":{"line":18,"column":9}}],"line":16},"1":{"loc":{"start":{"line":34,"column":8},"end":{"line":40,"column":9}},"type":"if","locations":[{"start":{"line":34,"column":8},"end":{"line":40,"column":9}},{"start":{"line":34,"column":8},"end":{"line":40,"column":9}}],"line":34},"2":{"loc":{"start":{"line":34,"column":11},"end":{"line":34,"column":86}},"type":"binary-expr","locations":[{"start":{"line":34,"column":11},"end":{"line":34,"column":48}},{"start":{"line":34,"column":52},"end":{"line":34,"column":86}}],"line":34}},"s":{"0":6,"1":6,"2":6,"3":2,"4":6,"5":1,"6":6,"7":1,"8":6,"9":1,"10":0,"11":0,"12":0,"13":1,"14":8,"15":1,"16":2,"17":6,"18":2,"19":6,"20":0,"21":6,"22":0},"f":{"0":6,"1":1,"2":1,"3":1,"4":8,"5":1,"6":6,"7":6,"8":0,"9":6,"10":0},"b":{"0":[2,4],"1":[0,1],"2":[1,0]},"_coverageSchema":"43e27e138ebf9cfc5966b082cf9a028302ed4184","hash":"b05ada52890726977a85aa2df4ceb390224023f8"}
,"/home/snusun/swpp-hw3-snusun/src/store/store.js": {"path":"/home/snusun/swpp-hw3-snusun/src/store/store.js","statementMap":{"0":{"start":{"line":11,"column":23},"end":{"line":11,"column":45}},"1":{"start":{"line":12,"column":20},"end":{"line":17,"column":2}},"2":{"start":{"line":18,"column":27},"end":{"line":18,"column":61}},"3":{"start":{"line":20,"column":25},"end":{"line":20,"column":79}},"4":{"start":{"line":21,"column":14},"end":{"line":23,"column":37}}},"fnMap":{},"branchMap":{"0":{"loc":{"start":{"line":20,"column":25},"end":{"line":20,"column":79}},"type":"binary-expr","locations":[{"start":{"line":20,"column":25},"end":{"line":20,"column":68}},{"start":{"line":20,"column":72},"end":{"line":20,"column":79}}],"line":20}},"s":{"0":8,"1":8,"2":8,"3":8,"4":8},"f":{},"b":{"0":[8,8]},"_coverageSchema":"43e27e138ebf9cfc5966b082cf9a028302ed4184","hash":"6297bb4f39032b2cfdc232cf41279ea6b76d479f"}
,"/home/snusun/swpp-hw3-snusun/src/store/actions/actionTypes.js": {"path":"/home/snusun/swpp-hw3-snusun/src/store/actions/actionTypes.js","statementMap":{"0":{"start":{"line":1,"column":23},"end":{"line":1,"column":32}},"1":{"start":{"line":2,"column":27},"end":{"line":2,"column":40}},"2":{"start":{"line":3,"column":30},"end":{"line":3,"column":46}},"3":{"start":{"line":4,"column":27},"end":{"line":4,"column":40}},"4":{"start":{"line":5,"column":28},"end":{"line":5,"column":42}},"5":{"start":{"line":7,"column":25},"end":{"line":7,"column":36}},"6":{"start":{"line":8,"column":24},"end":{"line":8,"column":34}},"7":{"start":{"line":9,"column":21},"end":{"line":9,"column":28}},"8":{"start":{"line":10,"column":22},"end":{"line":10,"column":30}},"9":{"start":{"line":12,"column":28},"end":{"line":12,"column":42}},"10":{"start":{"line":13,"column":27},"end":{"line":13,"column":40}},"11":{"start":{"line":14,"column":30},"end":{"line":14,"column":46}},"12":{"start":{"line":15,"column":27},"end":{"line":15,"column":40}},"13":{"start":{"line":16,"column":28},"end":{"line":16,"column":42}}},"fnMap":{},"branchMap":{},"s":{"0":10,"1":10,"2":10,"3":10,"4":10,"5":10,"6":10,"7":10,"8":10,"9":10,"10":10,"11":10,"12":10,"13":10},"f":{},"b":{},"_coverageSchema":"43e27e138ebf9cfc5966b082cf9a028302ed4184","hash":"245013f3542fd50652ca1a06f83c067229fb0f8c"}
,"/home/snusun/swpp-hw3-snusun/src/store/actions/article.js": {"path":"/home/snusun/swpp-hw3-snusun/src/store/actions/article.js","statementMap":{"0":{"start":{"line":5,"column":28},"end":{"line":7,"column":1}},"1":{"start":{"line":6,"column":2},"end":{"line":6,"column":59}},"2":{"start":{"line":9,"column":27},"end":{"line":14,"column":1}},"3":{"start":{"line":10,"column":2},"end":{"line":13,"column":4}},"4":{"start":{"line":11,"column":4},"end":{"line":12,"column":53}},"5":{"start":{"line":12,"column":19},"end":{"line":12,"column":51}},"6":{"start":{"line":16,"column":28},"end":{"line":24,"column":3}},"7":{"start":{"line":17,"column":4},"end":{"line":23,"column":6}},"8":{"start":{"line":26,"column":29},"end":{"line":36,"column":3}},"9":{"start":{"line":27,"column":4},"end":{"line":35,"column":6}},"10":{"start":{"line":28,"column":6},"end":{"line":34,"column":11}},"11":{"start":{"line":30,"column":10},"end":{"line":30,"column":43}},"12":{"start":{"line":32,"column":10},"end":{"line":32,"column":53}},"13":{"start":{"line":39,"column":32},"end":{"line":44,"column":3}},"14":{"start":{"line":40,"column":4},"end":{"line":43,"column":6}},"15":{"start":{"line":46,"column":31},"end":{"line":51,"column":3}},"16":{"start":{"line":47,"column":4},"end":{"line":50,"column":6}},"17":{"start":{"line":48,"column":6},"end":{"line":49,"column":51}},"18":{"start":{"line":49,"column":21},"end":{"line":49,"column":49}},"19":{"start":{"line":53,"column":29},"end":{"line":55,"column":3}},"20":{"start":{"line":54,"column":4},"end":{"line":54,"column":58}},"21":{"start":{"line":57,"column":28},"end":{"line":64,"column":3}},"22":{"start":{"line":58,"column":4},"end":{"line":63,"column":6}},"23":{"start":{"line":59,"column":6},"end":{"line":62,"column":11}},"24":{"start":{"line":61,"column":10},"end":{"line":61,"column":41}}},"fnMap":{"0":{"name":"(anonymous_0)","decl":{"start":{"line":5,"column":28},"end":{"line":5,"column":29}},"loc":{"start":{"line":5,"column":42},"end":{"line":7,"column":1}},"line":5},"1":{"name":"(anonymous_1)","decl":{"start":{"line":9,"column":27},"end":{"line":9,"column":28}},"loc":{"start":{"line":9,"column":33},"end":{"line":14,"column":1}},"line":9},"2":{"name":"(anonymous_2)","decl":{"start":{"line":10,"column":9},"end":{"line":10,"column":10}},"loc":{"start":{"line":10,"column":21},"end":{"line":13,"column":3}},"line":10},"3":{"name":"(anonymous_3)","decl":{"start":{"line":12,"column":12},"end":{"line":12,"column":13}},"loc":{"start":{"line":12,"column":19},"end":{"line":12,"column":51}},"line":12},"4":{"name":"(anonymous_4)","decl":{"start":{"line":16,"column":28},"end":{"line":16,"column":29}},"loc":{"start":{"line":16,"column":37},"end":{"line":24,"column":3}},"line":16},"5":{"name":"(anonymous_5)","decl":{"start":{"line":26,"column":29},"end":{"line":26,"column":30}},"loc":{"start":{"line":26,"column":38},"end":{"line":36,"column":3}},"line":26},"6":{"name":"(anonymous_6)","decl":{"start":{"line":27,"column":11},"end":{"line":27,"column":12}},"loc":{"start":{"line":27,"column":25},"end":{"line":35,"column":5}},"line":27},"7":{"name":"(anonymous_7)","decl":{"start":{"line":29,"column":14},"end":{"line":29,"column":15}},"loc":{"start":{"line":29,"column":21},"end":{"line":34,"column":9}},"line":29},"8":{"name":"(anonymous_8)","decl":{"start":{"line":39,"column":32},"end":{"line":39,"column":33}},"loc":{"start":{"line":39,"column":41},"end":{"line":44,"column":3}},"line":39},"9":{"name":"(anonymous_9)","decl":{"start":{"line":46,"column":31},"end":{"line":46,"column":32}},"loc":{"start":{"line":46,"column":39},"end":{"line":51,"column":3}},"line":46},"10":{"name":"(anonymous_10)","decl":{"start":{"line":47,"column":11},"end":{"line":47,"column":12}},"loc":{"start":{"line":47,"column":23},"end":{"line":50,"column":5}},"line":47},"11":{"name":"(anonymous_11)","decl":{"start":{"line":49,"column":14},"end":{"line":49,"column":15}},"loc":{"start":{"line":49,"column":21},"end":{"line":49,"column":49}},"line":49},"12":{"name":"(anonymous_12)","decl":{"start":{"line":53,"column":29},"end":{"line":53,"column":30}},"loc":{"start":{"line":53,"column":38},"end":{"line":55,"column":3}},"line":53},"13":{"name":"(anonymous_13)","decl":{"start":{"line":57,"column":28},"end":{"line":57,"column":29}},"loc":{"start":{"line":57,"column":36},"end":{"line":64,"column":3}},"line":57},"14":{"name":"(anonymous_14)","decl":{"start":{"line":58,"column":11},"end":{"line":58,"column":12}},"loc":{"start":{"line":58,"column":23},"end":{"line":63,"column":5}},"line":58},"15":{"name":"(anonymous_15)","decl":{"start":{"line":60,"column":14},"end":{"line":60,"column":15}},"loc":{"start":{"line":60,"column":21},"end":{"line":62,"column":9}},"line":60}},"branchMap":{},"s":{"0":6,"1":1,"2":6,"3":1,"4":1,"5":1,"6":6,"7":1,"8":6,"9":1,"10":1,"11":1,"12":1,"13":6,"14":1,"15":6,"16":1,"17":1,"18":1,"19":6,"20":1,"21":6,"22":1,"23":1,"24":1},"f":{"0":1,"1":1,"2":1,"3":1,"4":1,"5":1,"6":1,"7":1,"8":1,"9":1,"10":1,"11":1,"12":1,"13":1,"14":1,"15":1},"b":{},"_coverageSchema":"43e27e138ebf9cfc5966b082cf9a028302ed4184","hash":"6bfe87d5b7ddebd67682b57655b24b161c9b85a5"}
,"/home/snusun/swpp-hw3-snusun/src/store/actions/comment.js": {"path":"/home/snusun/swpp-hw3-snusun/src/store/actions/comment.js","statementMap":{"0":{"start":{"line":6,"column":28},"end":{"line":9,"column":1}},"1":{"start":{"line":7,"column":4},"end":{"line":7,"column":13}},"2":{"start":{"line":8,"column":2},"end":{"line":8,"column":88}},"3":{"start":{"line":11,"column":27},"end":{"line":16,"column":1}},"4":{"start":{"line":12,"column":2},"end":{"line":15,"column":4}},"5":{"start":{"line":13,"column":4},"end":{"line":14,"column":65}},"6":{"start":{"line":14,"column":19},"end":{"line":14,"column":63}},"7":{"start":{"line":18,"column":28},"end":{"line":26,"column":3}},"8":{"start":{"line":19,"column":4},"end":{"line":25,"column":6}},"9":{"start":{"line":35,"column":29},"end":{"line":42,"column":3}},"10":{"start":{"line":36,"column":4},"end":{"line":41,"column":6}},"11":{"start":{"line":37,"column":6},"end":{"line":40,"column":11}},"12":{"start":{"line":39,"column":10},"end":{"line":39,"column":43}},"13":{"start":{"line":45,"column":32},"end":{"line":50,"column":3}},"14":{"start":{"line":46,"column":4},"end":{"line":49,"column":6}},"15":{"start":{"line":52,"column":31},"end":{"line":57,"column":3}},"16":{"start":{"line":53,"column":4},"end":{"line":56,"column":6}},"17":{"start":{"line":54,"column":6},"end":{"line":55,"column":50}},"18":{"start":{"line":55,"column":20},"end":{"line":55,"column":48}},"19":{"start":{"line":59,"column":28},"end":{"line":61,"column":1}},"20":{"start":{"line":60,"column":2},"end":{"line":60,"column":56}},"21":{"start":{"line":63,"column":26},"end":{"line":70,"column":1}},"22":{"start":{"line":64,"column":2},"end":{"line":69,"column":4}},"23":{"start":{"line":65,"column":4},"end":{"line":68,"column":9}},"24":{"start":{"line":67,"column":8},"end":{"line":67,"column":39}},"25":{"start":{"line":72,"column":28},"end":{"line":74,"column":1}},"26":{"start":{"line":73,"column":2},"end":{"line":73,"column":57}},"27":{"start":{"line":76,"column":27},"end":{"line":83,"column":1}},"28":{"start":{"line":77,"column":2},"end":{"line":82,"column":3}},"29":{"start":{"line":78,"column":4},"end":{"line":81,"column":9}},"30":{"start":{"line":80,"column":8},"end":{"line":80,"column":40}}},"fnMap":{"0":{"name":"(anonymous_0)","decl":{"start":{"line":6,"column":28},"end":{"line":6,"column":29}},"loc":{"start":{"line":6,"column":54},"end":{"line":9,"column":1}},"line":6},"1":{"name":"(anonymous_1)","decl":{"start":{"line":11,"column":27},"end":{"line":11,"column":28}},"loc":{"start":{"line":11,"column":43},"end":{"line":16,"column":1}},"line":11},"2":{"name":"(anonymous_2)","decl":{"start":{"line":12,"column":9},"end":{"line":12,"column":10}},"loc":{"start":{"line":12,"column":21},"end":{"line":15,"column":3}},"line":12},"3":{"name":"(anonymous_3)","decl":{"start":{"line":14,"column":12},"end":{"line":14,"column":13}},"loc":{"start":{"line":14,"column":19},"end":{"line":14,"column":63}},"line":14},"4":{"name":"(anonymous_4)","decl":{"start":{"line":18,"column":28},"end":{"line":18,"column":29}},"loc":{"start":{"line":18,"column":37},"end":{"line":26,"column":3}},"line":18},"5":{"name":"(anonymous_5)","decl":{"start":{"line":35,"column":29},"end":{"line":35,"column":30}},"loc":{"start":{"line":35,"column":38},"end":{"line":42,"column":3}},"line":35},"6":{"name":"(anonymous_6)","decl":{"start":{"line":36,"column":11},"end":{"line":36,"column":12}},"loc":{"start":{"line":36,"column":25},"end":{"line":41,"column":5}},"line":36},"7":{"name":"(anonymous_7)","decl":{"start":{"line":38,"column":14},"end":{"line":38,"column":15}},"loc":{"start":{"line":38,"column":21},"end":{"line":40,"column":9}},"line":38},"8":{"name":"(anonymous_8)","decl":{"start":{"line":45,"column":32},"end":{"line":45,"column":33}},"loc":{"start":{"line":45,"column":40},"end":{"line":50,"column":3}},"line":45},"9":{"name":"(anonymous_9)","decl":{"start":{"line":52,"column":31},"end":{"line":52,"column":32}},"loc":{"start":{"line":52,"column":39},"end":{"line":57,"column":3}},"line":52},"10":{"name":"(anonymous_10)","decl":{"start":{"line":53,"column":11},"end":{"line":53,"column":12}},"loc":{"start":{"line":53,"column":23},"end":{"line":56,"column":5}},"line":53},"11":{"name":"(anonymous_11)","decl":{"start":{"line":55,"column":14},"end":{"line":55,"column":15}},"loc":{"start":{"line":55,"column":20},"end":{"line":55,"column":48}},"line":55},"12":{"name":"(anonymous_12)","decl":{"start":{"line":59,"column":28},"end":{"line":59,"column":29}},"loc":{"start":{"line":59,"column":37},"end":{"line":61,"column":1}},"line":59},"13":{"name":"(anonymous_13)","decl":{"start":{"line":63,"column":26},"end":{"line":63,"column":27}},"loc":{"start":{"line":63,"column":34},"end":{"line":70,"column":1}},"line":63},"14":{"name":"(anonymous_14)","decl":{"start":{"line":64,"column":9},"end":{"line":64,"column":10}},"loc":{"start":{"line":64,"column":21},"end":{"line":69,"column":3}},"line":64},"15":{"name":"(anonymous_15)","decl":{"start":{"line":66,"column":12},"end":{"line":66,"column":13}},"loc":{"start":{"line":66,"column":19},"end":{"line":68,"column":7}},"line":66},"16":{"name":"(anonymous_16)","decl":{"start":{"line":72,"column":28},"end":{"line":72,"column":29}},"loc":{"start":{"line":72,"column":37},"end":{"line":74,"column":1}},"line":72},"17":{"name":"(anonymous_17)","decl":{"start":{"line":76,"column":27},"end":{"line":76,"column":28}},"loc":{"start":{"line":76,"column":40},"end":{"line":83,"column":1}},"line":76},"18":{"name":"(anonymous_18)","decl":{"start":{"line":77,"column":9},"end":{"line":77,"column":10}},"loc":{"start":{"line":77,"column":21},"end":{"line":82,"column":3}},"line":77},"19":{"name":"(anonymous_19)","decl":{"start":{"line":79,"column":12},"end":{"line":79,"column":13}},"loc":{"start":{"line":79,"column":19},"end":{"line":81,"column":7}},"line":79}},"branchMap":{},"s":{"0":6,"1":1,"2":1,"3":6,"4":1,"5":1,"6":1,"7":6,"8":1,"9":6,"10":1,"11":1,"12":1,"13":6,"14":1,"15":6,"16":1,"17":1,"18":1,"19":6,"20":1,"21":6,"22":1,"23":1,"24":1,"25":6,"26":1,"27":6,"28":1,"29":1,"30":1},"f":{"0":1,"1":1,"2":1,"3":1,"4":1,"5":1,"6":1,"7":1,"8":1,"9":1,"10":1,"11":1,"12":1,"13":1,"14":1,"15":1,"16":1,"17":1,"18":1,"19":1},"b":{},"_coverageSchema":"43e27e138ebf9cfc5966b082cf9a028302ed4184","hash":"1591be0da7668d76a4344742b267acd7b13f71fb"}
,"/home/snusun/swpp-hw3-snusun/src/store/actions/index.js": {"path":"/home/snusun/swpp-hw3-snusun/src/store/actions/index.js","statementMap":{},"fnMap":{},"branchMap":{},"s":{},"f":{},"b":{},"_coverageSchema":"43e27e138ebf9cfc5966b082cf9a028302ed4184","hash":"afd50eed4d7a4f3f366fe6eeb54c8739bc7dd3e6"}
,"/home/snusun/swpp-hw3-snusun/src/store/actions/login.js": {"path":"/home/snusun/swpp-hw3-snusun/src/store/actions/login.js","statementMap":{"0":{"start":{"line":5,"column":25},"end":{"line":7,"column":1}},"1":{"start":{"line":6,"column":2},"end":{"line":6,"column":55}},"2":{"start":{"line":9,"column":24},"end":{"line":14,"column":1}},"3":{"start":{"line":10,"column":2},"end":{"line":13,"column":4}},"4":{"start":{"line":11,"column":4},"end":{"line":12,"column":50}},"5":{"start":{"line":12,"column":19},"end":{"line":12,"column":48}},"6":{"start":{"line":16,"column":24},"end":{"line":18,"column":3}},"7":{"start":{"line":17,"column":4},"end":{"line":17,"column":56}},"8":{"start":{"line":20,"column":23},"end":{"line":25,"column":1}},"9":{"start":{"line":21,"column":4},"end":{"line":24,"column":6}},"10":{"start":{"line":22,"column":8},"end":{"line":23,"column":55}},"11":{"start":{"line":23,"column":25},"end":{"line":23,"column":53}},"12":{"start":{"line":27,"column":22},"end":{"line":30,"column":1}},"13":{"start":{"line":28,"column":4},"end":{"line":29,"column":19}},"14":{"start":{"line":32,"column":21},"end":{"line":38,"column":1}},"15":{"start":{"line":33,"column":4},"end":{"line":37,"column":5}},"16":{"start":{"line":34,"column":8},"end":{"line":36,"column":43}},"17":{"start":{"line":35,"column":22},"end":{"line":35,"column":44}},"18":{"start":{"line":40,"column":23},"end":{"line":42,"column":1}},"19":{"start":{"line":41,"column":4},"end":{"line":41,"column":58}},"20":{"start":{"line":44,"column":22},"end":{"line":49,"column":1}},"21":{"start":{"line":45,"column":4},"end":{"line":48,"column":5}},"22":{"start":{"line":46,"column":8},"end":{"line":46,"column":28}},"23":{"start":{"line":47,"column":8},"end":{"line":47,"column":33}}},"fnMap":{"0":{"name":"(anonymous_0)","decl":{"start":{"line":5,"column":25},"end":{"line":5,"column":26}},"loc":{"start":{"line":5,"column":36},"end":{"line":7,"column":1}},"line":5},"1":{"name":"(anonymous_1)","decl":{"start":{"line":9,"column":24},"end":{"line":9,"column":25}},"loc":{"start":{"line":9,"column":30},"end":{"line":14,"column":1}},"line":9},"2":{"name":"(anonymous_2)","decl":{"start":{"line":10,"column":9},"end":{"line":10,"column":10}},"loc":{"start":{"line":10,"column":21},"end":{"line":13,"column":3}},"line":10},"3":{"name":"(anonymous_3)","decl":{"start":{"line":12,"column":12},"end":{"line":12,"column":13}},"loc":{"start":{"line":12,"column":19},"end":{"line":12,"column":48}},"line":12},"4":{"name":"(anonymous_4)","decl":{"start":{"line":16,"column":24},"end":{"line":16,"column":25}},"loc":{"start":{"line":16,"column":34},"end":{"line":18,"column":3}},"line":16},"5":{"name":"(anonymous_5)","decl":{"start":{"line":20,"column":23},"end":{"line":20,"column":24}},"loc":{"start":{"line":20,"column":29},"end":{"line":25,"column":1}},"line":20},"6":{"name":"(anonymous_6)","decl":{"start":{"line":21,"column":11},"end":{"line":21,"column":12}},"loc":{"start":{"line":21,"column":23},"end":{"line":24,"column":5}},"line":21},"7":{"name":"(anonymous_7)","decl":{"start":{"line":23,"column":18},"end":{"line":23,"column":19}},"loc":{"start":{"line":23,"column":25},"end":{"line":23,"column":53}},"line":23},"8":{"name":"(anonymous_8)","decl":{"start":{"line":27,"column":22},"end":{"line":27,"column":23}},"loc":{"start":{"line":27,"column":32},"end":{"line":30,"column":1}},"line":27},"9":{"name":"(anonymous_9)","decl":{"start":{"line":32,"column":21},"end":{"line":32,"column":22}},"loc":{"start":{"line":32,"column":27},"end":{"line":38,"column":1}},"line":32},"10":{"name":"(anonymous_10)","decl":{"start":{"line":33,"column":11},"end":{"line":33,"column":12}},"loc":{"start":{"line":33,"column":23},"end":{"line":37,"column":5}},"line":33},"11":{"name":"(anonymous_11)","decl":{"start":{"line":35,"column":14},"end":{"line":35,"column":15}},"loc":{"start":{"line":35,"column":22},"end":{"line":35,"column":44}},"line":35},"12":{"name":"(anonymous_12)","decl":{"start":{"line":40,"column":23},"end":{"line":40,"column":24}},"loc":{"start":{"line":40,"column":29},"end":{"line":42,"column":1}},"line":40},"13":{"name":"(anonymous_13)","decl":{"start":{"line":44,"column":22},"end":{"line":44,"column":23}},"loc":{"start":{"line":44,"column":28},"end":{"line":49,"column":1}},"line":44},"14":{"name":"(anonymous_14)","decl":{"start":{"line":45,"column":11},"end":{"line":45,"column":12}},"loc":{"start":{"line":45,"column":23},"end":{"line":48,"column":5}},"line":45}},"branchMap":{},"s":{"0":6,"1":7,"2":6,"3":7,"4":7,"5":7,"6":6,"7":1,"8":6,"9":1,"10":1,"11":1,"12":6,"13":1,"14":6,"15":1,"16":1,"17":1,"18":6,"19":1,"20":6,"21":1,"22":1,"23":1},"f":{"0":7,"1":7,"2":7,"3":7,"4":1,"5":1,"6":1,"7":1,"8":1,"9":1,"10":1,"11":1,"12":1,"13":1,"14":1},"b":{},"_coverageSchema":"43e27e138ebf9cfc5966b082cf9a028302ed4184","hash":"3902032adef4902bfa98167d986d4510e8cf2a2d"}
,"/home/snusun/swpp-hw3-snusun/src/store/reducers/article.js": {"path":"/home/snusun/swpp-hw3-snusun/src/store/reducers/article.js","statementMap":{"0":{"start":{"line":3,"column":21},"end":{"line":7,"column":1}},"1":{"start":{"line":9,"column":16},"end":{"line":27,"column":1}},"2":{"start":{"line":10,"column":4},"end":{"line":24,"column":5}},"3":{"start":{"line":12,"column":31},"end":{"line":15,"column":13}},"4":{"start":{"line":16,"column":12},"end":{"line":16,"column":73}},"5":{"start":{"line":18,"column":28},"end":{"line":18,"column":84}},"6":{"start":{"line":18,"column":57},"end":{"line":18,"column":83}},"7":{"start":{"line":19,"column":12},"end":{"line":19,"column":48}},"8":{"start":{"line":21,"column":12},"end":{"line":21,"column":58}},"9":{"start":{"line":23,"column":12},"end":{"line":23,"column":63}},"10":{"start":{"line":26,"column":4},"end":{"line":26,"column":17}}},"fnMap":{"0":{"name":"(anonymous_0)","decl":{"start":{"line":9,"column":16},"end":{"line":9,"column":17}},"loc":{"start":{"line":9,"column":50},"end":{"line":27,"column":1}},"line":9},"1":{"name":"(anonymous_1)","decl":{"start":{"line":18,"column":50},"end":{"line":18,"column":51}},"loc":{"start":{"line":18,"column":57},"end":{"line":18,"column":83}},"line":18}},"branchMap":{"0":{"loc":{"start":{"line":9,"column":17},"end":{"line":9,"column":37}},"type":"default-arg","locations":[{"start":{"line":9,"column":25},"end":{"line":9,"column":37}}],"line":9},"1":{"loc":{"start":{"line":10,"column":4},"end":{"line":24,"column":5}},"type":"switch","locations":[{"start":{"line":11,"column":8},"end":{"line":16,"column":73}},{"start":{"line":17,"column":8},"end":{"line":19,"column":48}},{"start":{"line":20,"column":8},"end":{"line":21,"column":58}},{"start":{"line":22,"column":8},"end":{"line":23,"column":63}}],"line":10}},"s":{"0":9,"1":9,"2":42,"3":2,"4":2,"5":2,"6":3,"7":2,"8":2,"9":2,"10":34},"f":{"0":42,"1":3},"b":{"0":[28],"1":[2,2,2,2]},"_coverageSchema":"43e27e138ebf9cfc5966b082cf9a028302ed4184","hash":"1f48b978f2be238ca08dba6933ff2d756f5081c1"}
,"/home/snusun/swpp-hw3-snusun/src/store/reducers/comment.js": {"path":"/home/snusun/swpp-hw3-snusun/src/store/reducers/comment.js","statementMap":{"0":{"start":{"line":3,"column":21},"end":{"line":8,"column":1}},"1":{"start":{"line":17,"column":16},"end":{"line":43,"column":1}},"2":{"start":{"line":18,"column":4},"end":{"line":40,"column":5}},"3":{"start":{"line":20,"column":31},"end":{"line":23,"column":13}},"4":{"start":{"line":24,"column":12},"end":{"line":24,"column":73}},"5":{"start":{"line":26,"column":28},"end":{"line":26,"column":94}},"6":{"start":{"line":26,"column":59},"end":{"line":26,"column":92}},"7":{"start":{"line":27,"column":12},"end":{"line":27,"column":47}},"8":{"start":{"line":29,"column":12},"end":{"line":29,"column":21}},"9":{"start":{"line":30,"column":29},"end":{"line":30,"column":98}},"10":{"start":{"line":30,"column":60},"end":{"line":30,"column":96}},"11":{"start":{"line":31,"column":12},"end":{"line":31,"column":85}},"12":{"start":{"line":37,"column":12},"end":{"line":37,"column":62}},"13":{"start":{"line":39,"column":12},"end":{"line":39,"column":53}},"14":{"start":{"line":42,"column":4},"end":{"line":42,"column":17}}},"fnMap":{"0":{"name":"(anonymous_0)","decl":{"start":{"line":17,"column":16},"end":{"line":17,"column":17}},"loc":{"start":{"line":17,"column":50},"end":{"line":43,"column":1}},"line":17},"1":{"name":"(anonymous_1)","decl":{"start":{"line":26,"column":50},"end":{"line":26,"column":51}},"loc":{"start":{"line":26,"column":57},"end":{"line":26,"column":93}},"line":26},"2":{"name":"(anonymous_2)","decl":{"start":{"line":30,"column":53},"end":{"line":30,"column":54}},"loc":{"start":{"line":30,"column":60},"end":{"line":30,"column":96}},"line":30}},"branchMap":{"0":{"loc":{"start":{"line":17,"column":17},"end":{"line":17,"column":37}},"type":"default-arg","locations":[{"start":{"line":17,"column":25},"end":{"line":17,"column":37}}],"line":17},"1":{"loc":{"start":{"line":18,"column":4},"end":{"line":40,"column":5}},"type":"switch","locations":[{"start":{"line":19,"column":8},"end":{"line":24,"column":73}},{"start":{"line":25,"column":8},"end":{"line":27,"column":47}},{"start":{"line":28,"column":8},"end":{"line":31,"column":85}},{"start":{"line":36,"column":8},"end":{"line":37,"column":62}},{"start":{"line":38,"column":8},"end":{"line":39,"column":53}}],"line":18}},"s":{"0":8,"1":8,"2":37,"3":1,"4":1,"5":1,"6":2,"7":1,"8":1,"9":1,"10":1,"11":1,"12":1,"13":1,"14":32},"f":{"0":37,"1":2,"2":1},"b":{"0":[24],"1":[1,1,1,1,1]},"_coverageSchema":"43e27e138ebf9cfc5966b082cf9a028302ed4184","hash":"5ee1465b435be232b5661192dcf3713b1dbbe4b4"}
,"/home/snusun/swpp-hw3-snusun/src/store/reducers/login.js": {"path":"/home/snusun/swpp-hw3-snusun/src/store/reducers/login.js","statementMap":{"0":{"start":{"line":3,"column":21},"end":{"line":7,"column":1}},"1":{"start":{"line":9,"column":16},"end":{"line":23,"column":1}},"2":{"start":{"line":10,"column":4},"end":{"line":20,"column":5}},"3":{"start":{"line":12,"column":12},"end":{"line":12,"column":52}},"4":{"start":{"line":14,"column":12},"end":{"line":14,"column":56}},"5":{"start":{"line":16,"column":32},"end":{"line":16,"column":134}},"6":{"start":{"line":16,"column":58},"end":{"line":16,"column":132}},"7":{"start":{"line":17,"column":12},"end":{"line":17,"column":71}},"8":{"start":{"line":19,"column":12},"end":{"line":19,"column":65}},"9":{"start":{"line":22,"column":4},"end":{"line":22,"column":17}}},"fnMap":{"0":{"name":"(anonymous_0)","decl":{"start":{"line":9,"column":16},"end":{"line":9,"column":17}},"loc":{"start":{"line":9,"column":50},"end":{"line":23,"column":1}},"line":9},"1":{"name":"(anonymous_1)","decl":{"start":{"line":16,"column":49},"end":{"line":16,"column":50}},"loc":{"start":{"line":16,"column":58},"end":{"line":16,"column":132}},"line":16}},"branchMap":{"0":{"loc":{"start":{"line":9,"column":17},"end":{"line":9,"column":37}},"type":"default-arg","locations":[{"start":{"line":9,"column":25},"end":{"line":9,"column":37}}],"line":9},"1":{"loc":{"start":{"line":10,"column":4},"end":{"line":20,"column":5}},"type":"switch","locations":[{"start":{"line":11,"column":8},"end":{"line":12,"column":52}},{"start":{"line":13,"column":8},"end":{"line":14,"column":56}},{"start":{"line":15,"column":8},"end":{"line":17,"column":71}},{"start":{"line":18,"column":8},"end":{"line":19,"column":65}}],"line":10},"2":{"loc":{"start":{"line":16,"column":58},"end":{"line":16,"column":132}},"type":"binary-expr","locations":[{"start":{"line":16,"column":58},"end":{"line":16,"column":90}},{"start":{"line":16,"column":94},"end":{"line":16,"column":132}}],"line":16}},"s":{"0":9,"1":9,"2":42,"3":2,"4":2,"5":2,"6":4,"7":2,"8":2,"9":34},"f":{"0":42,"1":4},"b":{"0":[28],"1":[2,2,2,2],"2":[4,0]},"_coverageSchema":"43e27e138ebf9cfc5966b082cf9a028302ed4184","hash":"b68bd8759cdafb653d6d18d5bdb3115980f379fe"}
,"/home/snusun/swpp-hw3-snusun/src/test-utils/mocks.js": {"path":"/home/snusun/swpp-hw3-snusun/src/test-utils/mocks.js","statementMap":{"0":{"start":{"line":9,"column":23},"end":{"line":17,"column":1}},"1":{"start":{"line":10,"column":18},"end":{"line":16,"column":3}},"2":{"start":{"line":11,"column":4},"end":{"line":14,"column":5}},"3":{"start":{"line":13,"column":8},"end":{"line":13,"column":14}},"4":{"start":{"line":15,"column":4},"end":{"line":15,"column":17}},"5":{"start":{"line":19,"column":28},"end":{"line":33,"column":1}},"6":{"start":{"line":20,"column":29},"end":{"line":20,"column":57}},"7":{"start":{"line":21,"column":29},"end":{"line":21,"column":57}},"8":{"start":{"line":22,"column":26},"end":{"line":22,"column":54}},"9":{"start":{"line":23,"column":22},"end":{"line":28,"column":4}},"10":{"start":{"line":29,"column":27},"end":{"line":29,"column":81}},"11":{"start":{"line":30,"column":20},"end":{"line":31,"column":54}},"12":{"start":{"line":32,"column":2},"end":{"line":32,"column":19}}},"fnMap":{"0":{"name":"(anonymous_0)","decl":{"start":{"line":10,"column":2},"end":{"line":10,"column":3}},"loc":{"start":{"line":10,"column":18},"end":{"line":16,"column":3}},"line":10},"1":{"name":"(anonymous_1)","decl":{"start":{"line":10,"column":18},"end":{"line":10,"column":19}},"loc":{"start":{"line":10,"column":52},"end":{"line":16,"column":3}},"line":10},"2":{"name":"(anonymous_2)","decl":{"start":{"line":19,"column":28},"end":{"line":19,"column":29}},"loc":{"start":{"line":19,"column":46},"end":{"line":33,"column":1}},"line":19}},"branchMap":{"0":{"loc":{"start":{"line":10,"column":19},"end":{"line":10,"column":39}},"type":"default-arg","locations":[{"start":{"line":10,"column":27},"end":{"line":10,"column":39}}],"line":10},"1":{"loc":{"start":{"line":11,"column":4},"end":{"line":14,"column":5}},"type":"switch","locations":[{"start":{"line":12,"column":6},"end":{"line":13,"column":14}}],"line":11},"2":{"loc":{"start":{"line":29,"column":27},"end":{"line":29,"column":81}},"type":"binary-expr","locations":[{"start":{"line":29,"column":27},"end":{"line":29,"column":70}},{"start":{"line":29,"column":74},"end":{"line":29,"column":81}}],"line":29}},"s":{"0":5,"1":48,"2":264,"3":264,"4":264,"5":5,"6":16,"7":16,"8":16,"9":16,"10":16,"11":16,"12":16},"f":{"0":48,"1":264,"2":16},"b":{"0":[144],"1":[264],"2":[16,16]},"_coverageSchema":"43e27e138ebf9cfc5966b082cf9a028302ed4184","hash":"b317bd3b6c9837db63ac0bc588b7d2e59196bd8f"}
}
