{"/home/snusun/swpp-hw3-snusun/src/App.js": {"path":"/home/snusun/swpp-hw3-snusun/src/App.js","statementMap":{"0":{"start":{"line":12,"column":2},"end":{"line":25,"column":4}},"1":{"start":{"line":17,"column":54},"end":{"line":17,"column":87}},"2":{"start":{"line":21,"column":32},"end":{"line":21,"column":50}}},"fnMap":{"0":{"name":"App","decl":{"start":{"line":11,"column":9},"end":{"line":11,"column":12}},"loc":{"start":{"line":11,"column":15},"end":{"line":26,"column":1}},"line":11},"1":{"name":"(anonymous_1)","decl":{"start":{"line":17,"column":48},"end":{"line":17,"column":49}},"loc":{"start":{"line":17,"column":54},"end":{"line":17,"column":87}},"line":17},"2":{"name":"(anonymous_2)","decl":{"start":{"line":21,"column":26},"end":{"line":21,"column":27}},"loc":{"start":{"line":21,"column":32},"end":{"line":21,"column":50}},"line":21}},"branchMap":{},"s":{"0":1,"1":0,"2":0},"f":{"0":1,"1":0,"2":0},"b":{},"_coverageSchema":"43e27e138ebf9cfc5966b082cf9a028302ed4184","hash":"9a9f91c3bd500a25ec0ccc5f2f855f29f4fb5d1a"}
,"/home/snusun/swpp-hw3-snusun/src/index.js": {"path":"/home/snusun/swpp-hw3-snusun/src/index.js","statementMap":{"0":{"start":{"line":12,"column":20},"end":{"line":15,"column":2}},"1":{"start":{"line":16,"column":14},"end":{"line":16,"column":144}},"2":{"start":{"line":17,"column":0},"end":{"line":17,"column":93}},"3":{"start":{"line":22,"column":0},"end":{"line":22,"column":27}}},"fnMap":{},"branchMap":{},"s":{"0":0,"1":0,"2":0,"3":0},"f":{},"b":{},"hash":"04e7c57bf793d05ef1a652d1871877344e9c1523"}
,"/home/snusun/swpp-hw3-snusun/src/components/ArticleDetail.js": {"path":"/home/snusun/swpp-hw3-snusun/src/components/ArticleDetail.js","statementMap":{"0":{"start":{"line":5,"column":22},"end":{"line":35,"column":1}},"1":{"start":{"line":6,"column":4},"end":{"line":34,"column":6}}},"fnMap":{"0":{"name":"(anonymous_0)","decl":{"start":{"line":5,"column":22},"end":{"line":5,"column":23}},"loc":{"start":{"line":5,"column":33},"end":{"line":35,"column":1}},"line":5}},"branchMap":{},"s":{"0":1,"1":0},"f":{"0":0},"b":{},"_coverageSchema":"43e27e138ebf9cfc5966b082cf9a028302ed4184","hash":"829cfabc7aad4cdbd702ba2fa4b332a38cc90dbd"}
,"/home/snusun/swpp-hw3-snusun/src/components/Article/Article.js": {"path":"/home/snusun/swpp-hw3-snusun/src/components/Article/Article.js","statementMap":{"0":{"start":{"line":3,"column":16},"end":{"line":14,"column":1}},"1":{"start":{"line":4,"column":4},"end":{"line":13,"column":6}}},"fnMap":{"0":{"name":"(anonymous_0)","decl":{"start":{"line":3,"column":16},"end":{"line":3,"column":17}},"loc":{"start":{"line":3,"column":25},"end":{"line":14,"column":1}},"line":3}},"branchMap":{"0":{"loc":{"start":{"line":8,"column":32},"end":{"line":8,"column":52}},"type":"binary-expr","locations":[{"start":{"line":8,"column":32},"end":{"line":8,"column":42}},{"start":{"line":8,"column":46},"end":{"line":8,"column":52}}],"line":8}},"s":{"0":1,"1":0},"f":{"0":0},"b":{"0":[0,0]},"_coverageSchema":"43e27e138ebf9cfc5966b082cf9a028302ed4184","hash":"2f032ea77c6293ebeee101e13adb359e013459c3"}
,"/home/snusun/swpp-hw3-snusun/src/containers/ArticleList/ArticleList.js": {"path":"/home/snusun/swpp-hw3-snusun/src/containers/ArticleList/ArticleList.js","statementMap":{"0":{"start":{"line":20,"column":8},"end":{"line":20,"column":30}},"1":{"start":{"line":34,"column":26},"end":{"line":43,"column":5}},"2":{"start":{"line":35,"column":8},"end":{"line":35,"column":55}},"3":{"start":{"line":46,"column":25},"end":{"line":50,"column":5}},"4":{"start":{"line":47,"column":8},"end":{"line":47,"column":52}},"5":{"start":{"line":54,"column":25},"end":{"line":58,"column":10}},"6":{"start":{"line":55,"column":12},"end":{"line":57,"column":75}},"7":{"start":{"line":57,"column":40},"end":{"line":57,"column":69}},"8":{"start":{"line":70,"column":8},"end":{"line":80,"column":10}},"9":{"start":{"line":77,"column":40},"end":{"line":77,"column":65}},"10":{"start":{"line":84,"column":24},"end":{"line":90,"column":1}},"11":{"start":{"line":85,"column":4},"end":{"line":89,"column":6}},"12":{"start":{"line":93,"column":27},"end":{"line":98,"column":1}},"13":{"start":{"line":94,"column":4},"end":{"line":97,"column":5}},"14":{"start":{"line":96,"column":24},"end":{"line":96,"column":62}}},"fnMap":{"0":{"name":"(anonymous_0)","decl":{"start":{"line":18,"column":4},"end":{"line":18,"column":5}},"loc":{"start":{"line":18,"column":24},"end":{"line":21,"column":5}},"line":18},"1":{"name":"(anonymous_1)","decl":{"start":{"line":34,"column":26},"end":{"line":34,"column":27}},"loc":{"start":{"line":34,"column":33},"end":{"line":43,"column":5}},"line":34},"2":{"name":"(anonymous_2)","decl":{"start":{"line":46,"column":25},"end":{"line":46,"column":26}},"loc":{"start":{"line":46,"column":31},"end":{"line":50,"column":5}},"line":46},"3":{"name":"(anonymous_3)","decl":{"start":{"line":52,"column":4},"end":{"line":52,"column":5}},"loc":{"start":{"line":52,"column":13},"end":{"line":81,"column":5}},"line":52},"4":{"name":"(anonymous_4)","decl":{"start":{"line":54,"column":55},"end":{"line":54,"column":56}},"loc":{"start":{"line":54,"column":64},"end":{"line":58,"column":9}},"line":54},"5":{"name":"(anonymous_5)","decl":{"start":{"line":57,"column":34},"end":{"line":57,"column":35}},"loc":{"start":{"line":57,"column":40},"end":{"line":57,"column":69}},"line":57},"6":{"name":"(anonymous_6)","decl":{"start":{"line":77,"column":34},"end":{"line":77,"column":35}},"loc":{"start":{"line":77,"column":40},"end":{"line":77,"column":65}},"line":77},"7":{"name":"(anonymous_7)","decl":{"start":{"line":84,"column":24},"end":{"line":84,"column":25}},"loc":{"start":{"line":84,"column":33},"end":{"line":90,"column":1}},"line":84},"8":{"name":"(anonymous_8)","decl":{"start":{"line":93,"column":27},"end":{"line":93,"column":28}},"loc":{"start":{"line":93,"column":39},"end":{"line":98,"column":1}},"line":93},"9":{"name":"(anonymous_9)","decl":{"start":{"line":96,"column":18},"end":{"line":96,"column":19}},"loc":{"start":{"line":96,"column":24},"end":{"line":96,"column":62}},"line":96}},"branchMap":{},"s":{"0":0,"1":0,"2":0,"3":0,"4":0,"5":0,"6":0,"7":0,"8":0,"9":0,"10":1,"11":0,"12":1,"13":0,"14":0},"f":{"0":0,"1":0,"2":0,"3":0,"4":0,"5":0,"6":0,"7":0,"8":0,"9":0},"b":{},"_coverageSchema":"43e27e138ebf9cfc5966b082cf9a028302ed4184","hash":"6ff8ebd3da15012727c02b05e2ea3077b22d9bc7"}
,"/home/snusun/swpp-hw3-snusun/src/containers/ArticleList/NewArticle/NewArticle.js": {"path":"/home/snusun/swpp-hw3-snusun/src/containers/ArticleList/NewArticle/NewArticle.js","statementMap":{"0":{"start":{"line":8,"column":10},"end":{"line":13,"column":3}},"1":{"start":{"line":15,"column":23},"end":{"line":20,"column":4}},"2":{"start":{"line":16,"column":17},"end":{"line":16,"column":73}},"3":{"start":{"line":17,"column":4},"end":{"line":17,"column":87}},"4":{"start":{"line":18,"column":4},"end":{"line":18,"column":60}},"5":{"start":{"line":19,"column":4},"end":{"line":19,"column":39}},"6":{"start":{"line":23,"column":4},"end":{"line":25,"column":10}},"7":{"start":{"line":24,"column":8},"end":{"line":24,"column":42}},"8":{"start":{"line":26,"column":4},"end":{"line":41,"column":6}},"9":{"start":{"line":32,"column":37},"end":{"line":32,"column":81}},"10":{"start":{"line":37,"column":33},"end":{"line":37,"column":79}},"11":{"start":{"line":39,"column":30},"end":{"line":39,"column":55}},"12":{"start":{"line":45,"column":27},"end":{"line":50,"column":1}},"13":{"start":{"line":46,"column":2},"end":{"line":49,"column":4}},"14":{"start":{"line":48,"column":6},"end":{"line":48,"column":92}}},"fnMap":{"0":{"name":"(anonymous_0)","decl":{"start":{"line":15,"column":23},"end":{"line":15,"column":24}},"loc":{"start":{"line":15,"column":29},"end":{"line":20,"column":4}},"line":15},"1":{"name":"(anonymous_1)","decl":{"start":{"line":22,"column":2},"end":{"line":22,"column":3}},"loc":{"start":{"line":22,"column":11},"end":{"line":42,"column":3}},"line":22},"2":{"name":"(anonymous_2)","decl":{"start":{"line":32,"column":26},"end":{"line":32,"column":27}},"loc":{"start":{"line":32,"column":37},"end":{"line":32,"column":81}},"line":32},"3":{"name":"(anonymous_3)","decl":{"start":{"line":37,"column":22},"end":{"line":37,"column":23}},"loc":{"start":{"line":37,"column":33},"end":{"line":37,"column":79}},"line":37},"4":{"name":"(anonymous_4)","decl":{"start":{"line":39,"column":24},"end":{"line":39,"column":25}},"loc":{"start":{"line":39,"column":30},"end":{"line":39,"column":55}},"line":39},"5":{"name":"(anonymous_5)","decl":{"start":{"line":45,"column":27},"end":{"line":45,"column":28}},"loc":{"start":{"line":45,"column":39},"end":{"line":50,"column":1}},"line":45},"6":{"name":"(anonymous_6)","decl":{"start":{"line":47,"column":20},"end":{"line":47,"column":21}},"loc":{"start":{"line":48,"column":6},"end":{"line":48,"column":92}},"line":48}},"branchMap":{"0":{"loc":{"start":{"line":23,"column":4},"end":{"line":25,"column":10}},"type":"if","locations":[{"start":{"line":23,"column":4},"end":{"line":25,"column":10}},{"start":{"line":23,"column":4},"end":{"line":25,"column":10}}],"line":23}},"s":{"0":0,"1":0,"2":0,"3":0,"4":0,"5":0,"6":0,"7":0,"8":0,"9":0,"10":0,"11":0,"12":1,"13":0,"14":0},"f":{"0":0,"1":0,"2":0,"3":0,"4":0,"5":0,"6":0},"b":{"0":[0,0]},"_coverageSchema":"43e27e138ebf9cfc5966b082cf9a028302ed4184","hash":"ab0032430b4448ad0af82677a25c980240768e6f"}
,"/home/snusun/swpp-hw3-snusun/src/containers/ArticleList/RealDetail/RealDetail.js": {"path":"/home/snusun/swpp-hw3-snusun/src/containers/ArticleList/RealDetail/RealDetail.js","statementMap":{"0":{"start":{"line":9,"column":8},"end":{"line":9,"column":70}},"1":{"start":{"line":13,"column":18},"end":{"line":13,"column":20}},"2":{"start":{"line":13,"column":30},"end":{"line":13,"column":32}},"3":{"start":{"line":13,"column":41},"end":{"line":13,"column":43}},"4":{"start":{"line":14,"column":8},"end":{"line":18,"column":9}},"5":{"start":{"line":15,"column":12},"end":{"line":15,"column":53}},"6":{"start":{"line":16,"column":12},"end":{"line":16,"column":57}},"7":{"start":{"line":17,"column":12},"end":{"line":17,"column":55}},"8":{"start":{"line":20,"column":8},"end":{"line":48,"column":10}},"9":{"start":{"line":63,"column":24},"end":{"line":67,"column":3}},"10":{"start":{"line":64,"column":4},"end":{"line":66,"column":6}},"11":{"start":{"line":69,"column":27},"end":{"line":75,"column":3}},"12":{"start":{"line":70,"column":4},"end":{"line":74,"column":5}},"13":{"start":{"line":72,"column":8},"end":{"line":72,"column":47}}},"fnMap":{"0":{"name":"(anonymous_0)","decl":{"start":{"line":8,"column":4},"end":{"line":8,"column":5}},"loc":{"start":{"line":8,"column":24},"end":{"line":10,"column":5}},"line":8},"1":{"name":"(anonymous_1)","decl":{"start":{"line":12,"column":4},"end":{"line":12,"column":5}},"loc":{"start":{"line":12,"column":13},"end":{"line":49,"column":5}},"line":12},"2":{"name":"(anonymous_2)","decl":{"start":{"line":63,"column":24},"end":{"line":63,"column":25}},"loc":{"start":{"line":63,"column":33},"end":{"line":67,"column":3}},"line":63},"3":{"name":"(anonymous_3)","decl":{"start":{"line":69,"column":27},"end":{"line":69,"column":28}},"loc":{"start":{"line":69,"column":39},"end":{"line":75,"column":3}},"line":69},"4":{"name":"(anonymous_4)","decl":{"start":{"line":71,"column":20},"end":{"line":71,"column":21}},"loc":{"start":{"line":71,"column":26},"end":{"line":73,"column":7}},"line":71}},"branchMap":{"0":{"loc":{"start":{"line":14,"column":8},"end":{"line":18,"column":9}},"type":"if","locations":[{"start":{"line":14,"column":8},"end":{"line":18,"column":9}},{"start":{"line":14,"column":8},"end":{"line":18,"column":9}}],"line":14}},"s":{"0":0,"1":0,"2":0,"3":0,"4":0,"5":0,"6":0,"7":0,"8":0,"9":1,"10":0,"11":1,"12":0,"13":0},"f":{"0":0,"1":0,"2":0,"3":0,"4":0},"b":{"0":[0,0]},"_coverageSchema":"43e27e138ebf9cfc5966b082cf9a028302ed4184","hash":"bf37cd5fd1f8cd1a56dad984ad74c73d295d12c6"}
,"/home/snusun/swpp-hw3-snusun/src/containers/Login/Login.js": {"path":"/home/snusun/swpp-hw3-snusun/src/containers/Login/Login.js","statementMap":{"0":{"start":{"line":5,"column":12},"end":{"line":9,"column":5}},"1":{"start":{"line":11,"column":18},"end":{"line":15,"column":5}},"2":{"start":{"line":12,"column":8},"end":{"line":14,"column":10}},"3":{"start":{"line":17,"column":21},"end":{"line":21,"column":5}},"4":{"start":{"line":18,"column":8},"end":{"line":20,"column":10}},"5":{"start":{"line":23,"column":24},"end":{"line":29,"column":5}},"6":{"start":{"line":24,"column":8},"end":{"line":28,"column":9}},"7":{"start":{"line":25,"column":12},"end":{"line":25,"column":43}},"8":{"start":{"line":27,"column":12},"end":{"line":27,"column":48}},"9":{"start":{"line":32,"column":8},"end":{"line":34,"column":9}},"10":{"start":{"line":33,"column":12},"end":{"line":33,"column":46}},"11":{"start":{"line":35,"column":8},"end":{"line":63,"column":10}},"12":{"start":{"line":59,"column":36},"end":{"line":59,"column":60}}},"fnMap":{"0":{"name":"(anonymous_0)","decl":{"start":{"line":11,"column":18},"end":{"line":11,"column":19}},"loc":{"start":{"line":11,"column":23},"end":{"line":15,"column":5}},"line":11},"1":{"name":"(anonymous_1)","decl":{"start":{"line":17,"column":21},"end":{"line":17,"column":22}},"loc":{"start":{"line":17,"column":26},"end":{"line":21,"column":5}},"line":17},"2":{"name":"(anonymous_2)","decl":{"start":{"line":23,"column":24},"end":{"line":23,"column":25}},"loc":{"start":{"line":23,"column":29},"end":{"line":29,"column":5}},"line":23},"3":{"name":"(anonymous_3)","decl":{"start":{"line":31,"column":4},"end":{"line":31,"column":5}},"loc":{"start":{"line":31,"column":13},"end":{"line":64,"column":5}},"line":31},"4":{"name":"(anonymous_4)","decl":{"start":{"line":59,"column":30},"end":{"line":59,"column":31}},"loc":{"start":{"line":59,"column":36},"end":{"line":59,"column":60}},"line":59}},"branchMap":{"0":{"loc":{"start":{"line":24,"column":8},"end":{"line":28,"column":9}},"type":"if","locations":[{"start":{"line":24,"column":8},"end":{"line":28,"column":9}},{"start":{"line":24,"column":8},"end":{"line":28,"column":9}}],"line":24},"1":{"loc":{"start":{"line":24,"column":11},"end":{"line":24,"column":86}},"type":"binary-expr","locations":[{"start":{"line":24,"column":11},"end":{"line":24,"column":48}},{"start":{"line":24,"column":52},"end":{"line":24,"column":86}}],"line":24},"2":{"loc":{"start":{"line":32,"column":8},"end":{"line":34,"column":9}},"type":"if","locations":[{"start":{"line":32,"column":8},"end":{"line":34,"column":9}},{"start":{"line":32,"column":8},"end":{"line":34,"column":9}}],"line":32}},"s":{"0":1,"1":1,"2":0,"3":1,"4":0,"5":1,"6":0,"7":0,"8":0,"9":1,"10":0,"11":1,"12":0},"f":{"0":0,"1":0,"2":0,"3":1,"4":0},"b":{"0":[0,0],"1":[0,0],"2":[0,1]},"_coverageSchema":"43e27e138ebf9cfc5966b082cf9a028302ed4184","hash":"1ac6265648a06a6d813eecbf0215e8d82557bab7"}
,"/home/snusun/swpp-hw3-snusun/src/store/actions/actionTypes.js": {"path":"/home/snusun/swpp-hw3-snusun/src/store/actions/actionTypes.js","statementMap":{"0":{"start":{"line":1,"column":23},"end":{"line":1,"column":32}},"1":{"start":{"line":2,"column":27},"end":{"line":2,"column":40}},"2":{"start":{"line":3,"column":30},"end":{"line":3,"column":46}},"3":{"start":{"line":4,"column":27},"end":{"line":4,"column":40}},"4":{"start":{"line":5,"column":28},"end":{"line":5,"column":42}}},"fnMap":{},"branchMap":{},"s":{"0":1,"1":1,"2":1,"3":1,"4":1},"f":{},"b":{},"_coverageSchema":"43e27e138ebf9cfc5966b082cf9a028302ed4184","hash":"155ec0acbf20f989ce88bccfcd3534f9ac29b1f9"}
,"/home/snusun/swpp-hw3-snusun/src/store/actions/article.js": {"path":"/home/snusun/swpp-hw3-snusun/src/store/actions/article.js","statementMap":{"0":{"start":{"line":4,"column":28},"end":{"line":6,"column":1}},"1":{"start":{"line":5,"column":2},"end":{"line":5,"column":59}},"2":{"start":{"line":8,"column":27},"end":{"line":13,"column":1}},"3":{"start":{"line":9,"column":2},"end":{"line":12,"column":4}},"4":{"start":{"line":10,"column":4},"end":{"line":11,"column":53}},"5":{"start":{"line":11,"column":19},"end":{"line":11,"column":51}},"6":{"start":{"line":15,"column":28},"end":{"line":23,"column":3}},"7":{"start":{"line":16,"column":4},"end":{"line":22,"column":6}},"8":{"start":{"line":25,"column":29},"end":{"line":33,"column":3}},"9":{"start":{"line":26,"column":4},"end":{"line":32,"column":6}},"10":{"start":{"line":27,"column":6},"end":{"line":31,"column":11}},"11":{"start":{"line":29,"column":10},"end":{"line":29,"column":43}},"12":{"start":{"line":36,"column":32},"end":{"line":41,"column":3}},"13":{"start":{"line":37,"column":4},"end":{"line":40,"column":6}},"14":{"start":{"line":43,"column":31},"end":{"line":48,"column":3}},"15":{"start":{"line":44,"column":4},"end":{"line":47,"column":6}},"16":{"start":{"line":45,"column":6},"end":{"line":46,"column":51}},"17":{"start":{"line":46,"column":21},"end":{"line":46,"column":49}},"18":{"start":{"line":50,"column":29},"end":{"line":52,"column":3}},"19":{"start":{"line":51,"column":4},"end":{"line":51,"column":58}},"20":{"start":{"line":54,"column":28},"end":{"line":61,"column":3}},"21":{"start":{"line":55,"column":4},"end":{"line":60,"column":6}},"22":{"start":{"line":56,"column":6},"end":{"line":59,"column":11}},"23":{"start":{"line":58,"column":10},"end":{"line":58,"column":41}}},"fnMap":{"0":{"name":"(anonymous_0)","decl":{"start":{"line":4,"column":28},"end":{"line":4,"column":29}},"loc":{"start":{"line":4,"column":42},"end":{"line":6,"column":1}},"line":4},"1":{"name":"(anonymous_1)","decl":{"start":{"line":8,"column":27},"end":{"line":8,"column":28}},"loc":{"start":{"line":8,"column":33},"end":{"line":13,"column":1}},"line":8},"2":{"name":"(anonymous_2)","decl":{"start":{"line":9,"column":9},"end":{"line":9,"column":10}},"loc":{"start":{"line":9,"column":21},"end":{"line":12,"column":3}},"line":9},"3":{"name":"(anonymous_3)","decl":{"start":{"line":11,"column":12},"end":{"line":11,"column":13}},"loc":{"start":{"line":11,"column":19},"end":{"line":11,"column":51}},"line":11},"4":{"name":"(anonymous_4)","decl":{"start":{"line":15,"column":28},"end":{"line":15,"column":29}},"loc":{"start":{"line":15,"column":37},"end":{"line":23,"column":3}},"line":15},"5":{"name":"(anonymous_5)","decl":{"start":{"line":25,"column":29},"end":{"line":25,"column":30}},"loc":{"start":{"line":25,"column":38},"end":{"line":33,"column":3}},"line":25},"6":{"name":"(anonymous_6)","decl":{"start":{"line":26,"column":11},"end":{"line":26,"column":12}},"loc":{"start":{"line":26,"column":25},"end":{"line":32,"column":5}},"line":26},"7":{"name":"(anonymous_7)","decl":{"start":{"line":28,"column":14},"end":{"line":28,"column":15}},"loc":{"start":{"line":28,"column":21},"end":{"line":31,"column":9}},"line":28},"8":{"name":"(anonymous_8)","decl":{"start":{"line":36,"column":32},"end":{"line":36,"column":33}},"loc":{"start":{"line":36,"column":41},"end":{"line":41,"column":3}},"line":36},"9":{"name":"(anonymous_9)","decl":{"start":{"line":43,"column":31},"end":{"line":43,"column":32}},"loc":{"start":{"line":43,"column":39},"end":{"line":48,"column":3}},"line":43},"10":{"name":"(anonymous_10)","decl":{"start":{"line":44,"column":11},"end":{"line":44,"column":12}},"loc":{"start":{"line":44,"column":23},"end":{"line":47,"column":5}},"line":44},"11":{"name":"(anonymous_11)","decl":{"start":{"line":46,"column":14},"end":{"line":46,"column":15}},"loc":{"start":{"line":46,"column":21},"end":{"line":46,"column":49}},"line":46},"12":{"name":"(anonymous_12)","decl":{"start":{"line":50,"column":29},"end":{"line":50,"column":30}},"loc":{"start":{"line":50,"column":38},"end":{"line":52,"column":3}},"line":50},"13":{"name":"(anonymous_13)","decl":{"start":{"line":54,"column":28},"end":{"line":54,"column":29}},"loc":{"start":{"line":54,"column":36},"end":{"line":61,"column":3}},"line":54},"14":{"name":"(anonymous_14)","decl":{"start":{"line":55,"column":11},"end":{"line":55,"column":12}},"loc":{"start":{"line":55,"column":23},"end":{"line":60,"column":5}},"line":55},"15":{"name":"(anonymous_15)","decl":{"start":{"line":57,"column":14},"end":{"line":57,"column":15}},"loc":{"start":{"line":57,"column":21},"end":{"line":59,"column":9}},"line":57}},"branchMap":{},"s":{"0":1,"1":0,"2":1,"3":0,"4":0,"5":0,"6":1,"7":0,"8":1,"9":0,"10":0,"11":0,"12":1,"13":0,"14":1,"15":0,"16":0,"17":0,"18":1,"19":0,"20":1,"21":0,"22":0,"23":0},"f":{"0":0,"1":0,"2":0,"3":0,"4":0,"5":0,"6":0,"7":0,"8":0,"9":0,"10":0,"11":0,"12":0,"13":0,"14":0,"15":0},"b":{},"_coverageSchema":"43e27e138ebf9cfc5966b082cf9a028302ed4184","hash":"5f02590c05d180d51b27f5e51195b496c6af4a33"}
,"/home/snusun/swpp-hw3-snusun/src/store/actions/index.js": {"path":"/home/snusun/swpp-hw3-snusun/src/store/actions/index.js","statementMap":{},"fnMap":{},"branchMap":{},"s":{},"f":{},"b":{},"_coverageSchema":"43e27e138ebf9cfc5966b082cf9a028302ed4184","hash":"afd50eed4d7a4f3f366fe6eeb54c8739bc7dd3e6"}
,"/home/snusun/swpp-hw3-snusun/src/store/reducers/article.js": {"path":"/home/snusun/swpp-hw3-snusun/src/store/reducers/article.js","statementMap":{"0":{"start":{"line":3,"column":21},"end":{"line":7,"column":1}},"1":{"start":{"line":9,"column":16},"end":{"line":32,"column":1}},"2":{"start":{"line":10,"column":4},"end":{"line":29,"column":5}},"3":{"start":{"line":12,"column":31},"end":{"line":15,"column":13}},"4":{"start":{"line":16,"column":12},"end":{"line":16,"column":73}},"5":{"start":{"line":18,"column":29},"end":{"line":18,"column":82}},"6":{"start":{"line":18,"column":55},"end":{"line":18,"column":81}},"7":{"start":{"line":19,"column":12},"end":{"line":19,"column":49}},"8":{"start":{"line":26,"column":12},"end":{"line":26,"column":58}},"9":{"start":{"line":28,"column":12},"end":{"line":28,"column":63}},"10":{"start":{"line":31,"column":4},"end":{"line":31,"column":17}}},"fnMap":{"0":{"name":"(anonymous_0)","decl":{"start":{"line":9,"column":16},"end":{"line":9,"column":17}},"loc":{"start":{"line":9,"column":50},"end":{"line":32,"column":1}},"line":9},"1":{"name":"(anonymous_1)","decl":{"start":{"line":18,"column":48},"end":{"line":18,"column":49}},"loc":{"start":{"line":18,"column":55},"end":{"line":18,"column":81}},"line":18}},"branchMap":{"0":{"loc":{"start":{"line":9,"column":17},"end":{"line":9,"column":37}},"type":"default-arg","locations":[{"start":{"line":9,"column":25},"end":{"line":9,"column":37}}],"line":9},"1":{"loc":{"start":{"line":10,"column":4},"end":{"line":29,"column":5}},"type":"switch","locations":[{"start":{"line":11,"column":8},"end":{"line":16,"column":73}},{"start":{"line":17,"column":8},"end":{"line":19,"column":49}},{"start":{"line":25,"column":8},"end":{"line":26,"column":58}},{"start":{"line":27,"column":8},"end":{"line":28,"column":63}}],"line":10}},"s":{"0":0,"1":0,"2":0,"3":0,"4":0,"5":0,"6":0,"7":0,"8":0,"9":0,"10":0},"f":{"0":0,"1":0},"b":{"0":[0],"1":[0,0,0,0]},"hash":"7719c18bcf72dc740ad731e97f199da91f582f61"}
}
