TN:
SF:/home/snusun/swpp-hw3-snusun/src/App.js
FN:16,(anonymous_0)
FN:22,(anonymous_1)
FN:28,(anonymous_2)
FN:29,(anonymous_3)
FN:30,(anonymous_4)
FN:31,(anonymous_5)
FN:47,(anonymous_6)
FNF:7
FNH:4
FNDA:2,(anonymous_0)
FNDA:2,(anonymous_1)
FNDA:0,(anonymous_2)
FNDA:0,(anonymous_3)
FNDA:0,(anonymous_4)
FNDA:1,(anonymous_5)
FNDA:3,(anonymous_6)
DA:17,2
DA:18,1
DA:23,2
DA:28,0
DA:29,0
DA:30,0
DA:31,1
DA:47,1
DA:48,3
LF:9
LH:6
BRDA:17,0,0,1
BRDA:17,0,1,1
BRDA:26,1,0,1
BRDA:26,1,1,1
BRF:4
BRH:4
end_of_record
TN:
SF:/home/snusun/swpp-hw3-snusun/src/components/ArticleDetail.js
FN:3,(anonymous_0)
FNF:1
FNH:1
FNDA:2,(anonymous_0)
DA:3,3
DA:4,2
LF:2
LH:2
BRF:0
BRH:0
end_of_record
TN:
SF:/home/snusun/swpp-hw3-snusun/src/components/Article/Article.js
FN:3,(anonymous_0)
FNF:1
FNH:1
FNDA:2,(anonymous_0)
DA:3,2
DA:4,2
LF:2
LH:2
BRF:0
BRH:0
end_of_record
TN:
SF:/home/snusun/swpp-hw3-snusun/src/components/Comment/Comment.js
FN:3,(anonymous_0)
FNF:1
FNH:1
FNDA:5,(anonymous_0)
DA:3,4
DA:4,5
DA:5,5
LF:3
LH:3
BRF:0
BRH:0
end_of_record
TN:
SF:/home/snusun/swpp-hw3-snusun/src/containers/ArticleList/ArticleList.js
FN:14,(anonymous_0)
FN:19,(anonymous_1)
FN:23,(anonymous_2)
FN:27,(anonymous_3)
FN:31,(anonymous_4)
FN:32,(anonymous_5)
FN:35,(anonymous_6)
FN:36,(anonymous_7)
FN:46,(anonymous_8)
FN:47,(anonymous_9)
FN:53,(anonymous_10)
FN:63,(anonymous_11)
FN:65,(anonymous_12)
FN:66,(anonymous_13)
FNF:14
FNH:5
FNDA:0,(anonymous_0)
FNDA:0,(anonymous_1)
FNDA:0,(anonymous_2)
FNDA:0,(anonymous_3)
FNDA:4,(anonymous_4)
FNDA:4,(anonymous_5)
FNDA:12,(anonymous_6)
FNDA:0,(anonymous_7)
FNDA:0,(anonymous_8)
FNDA:0,(anonymous_9)
FNDA:2,(anonymous_10)
FNDA:2,(anonymous_11)
FNDA:0,(anonymous_12)
FNDA:0,(anonymous_13)
DA:16,0
DA:19,4
DA:20,0
DA:23,4
DA:24,0
DA:27,4
DA:28,0
DA:32,4
DA:33,4
DA:35,12
DA:36,0
DA:39,0
DA:46,0
DA:47,0
DA:53,2
DA:54,2
DA:63,2
DA:64,2
DA:65,0
DA:66,0
LF:20
LH:10
BRF:0
BRH:0
end_of_record
TN:
SF:/home/snusun/swpp-hw3-snusun/src/containers/ArticleList/NewArticle/NewArticle.js
FN:17,(anonymous_0)
FN:25,(anonymous_1)
FN:29,(anonymous_2)
FN:33,(anonymous_3)
FN:37,(anonymous_4)
FN:41,(anonymous_5)
FN:49,(anonymous_6)
FN:54,(anonymous_7)
FN:57,(anonymous_8)
FN:58,(anonymous_9)
FN:60,(anonymous_10)
FN:64,(anonymous_11)
FN:71,(anonymous_12)
FN:76,(anonymous_13)
FN:77,(anonymous_14)
FN:80,(anonymous_15)
FN:83,(anonymous_16)
FN:93,(anonymous_17)
FN:100,(anonymous_18)
FN:102,(anonymous_19)
FN:104,(anonymous_20)
FNF:21
FNH:0
FNDA:0,(anonymous_0)
FNDA:0,(anonymous_1)
FNDA:0,(anonymous_2)
FNDA:0,(anonymous_3)
FNDA:0,(anonymous_4)
FNDA:0,(anonymous_5)
FNDA:0,(anonymous_6)
FNDA:0,(anonymous_7)
FNDA:0,(anonymous_8)
FNDA:0,(anonymous_9)
FNDA:0,(anonymous_10)
FNDA:0,(anonymous_11)
FNDA:0,(anonymous_12)
FNDA:0,(anonymous_13)
FNDA:0,(anonymous_14)
FNDA:0,(anonymous_15)
FNDA:0,(anonymous_16)
FNDA:0,(anonymous_17)
FNDA:0,(anonymous_18)
FNDA:0,(anonymous_19)
FNDA:0,(anonymous_20)
DA:9,0
DA:17,0
DA:18,0
DA:19,0
DA:20,0
DA:21,0
DA:25,0
DA:26,0
DA:29,0
DA:30,0
DA:33,0
DA:34,0
DA:37,0
DA:38,0
DA:42,0
DA:49,0
DA:54,0
DA:57,0
DA:58,0
DA:60,0
DA:64,0
DA:71,0
DA:76,0
DA:77,0
DA:80,0
DA:83,0
DA:93,2
DA:94,0
DA:100,2
DA:101,0
DA:103,0
DA:104,0
LF:32
LH:2
BRDA:18,0,0,0
BRDA:18,0,1,0
BRDA:18,1,0,0
BRDA:18,1,1,0
BRDA:43,2,0,0
BRDA:43,2,1,0
BRDA:59,3,0,0
BRDA:59,3,1,0
BRDA:78,4,0,0
BRDA:78,4,1,0
BRF:10
BRH:0
end_of_record
TN:
SF:/home/snusun/swpp-hw3-snusun/src/containers/ArticleList/RealDetail/RealDetail.js
FN:15,(anonymous_0)
FN:21,(anonymous_1)
FN:25,(anonymous_2)
FN:31,(anonymous_3)
FN:35,(anonymous_4)
FN:37,(anonymous_5)
FN:44,(anonymous_6)
FN:50,(anonymous_7)
FN:55,(anonymous_8)
FN:61,(anonymous_9)
FN:65,(anonymous_10)
FN:68,(anonymous_11)
FN:69,(anonymous_12)
FN:70,(anonymous_13)
FN:87,(anonymous_14)
FN:88,(anonymous_15)
FN:92,(anonymous_16)
FN:95,(anonymous_17)
FN:101,(anonymous_18)
FN:117,(anonymous_19)
FN:121,(anonymous_20)
FN:124,(anonymous_21)
FN:130,(anonymous_22)
FN:138,(anonymous_23)
FN:149,(anonymous_24)
FN:151,(anonymous_25)
FN:152,(anonymous_26)
FN:153,(anonymous_27)
FN:154,(anonymous_28)
FN:155,(anonymous_29)
FN:157,(anonymous_30)
FN:158,(anonymous_31)
FN:159,(anonymous_32)
FNF:33
FNH:3
FNDA:0,(anonymous_0)
FNDA:0,(anonymous_1)
FNDA:0,(anonymous_2)
FNDA:0,(anonymous_3)
FNDA:0,(anonymous_4)
FNDA:0,(anonymous_5)
FNDA:0,(anonymous_6)
FNDA:0,(anonymous_7)
FNDA:6,(anonymous_8)
FNDA:0,(anonymous_9)
FNDA:0,(anonymous_10)
FNDA:0,(anonymous_11)
FNDA:0,(anonymous_12)
FNDA:0,(anonymous_13)
FNDA:0,(anonymous_14)
FNDA:0,(anonymous_15)
FNDA:0,(anonymous_16)
FNDA:0,(anonymous_17)
FNDA:0,(anonymous_18)
FNDA:0,(anonymous_19)
FNDA:0,(anonymous_20)
FNDA:0,(anonymous_21)
FNDA:0,(anonymous_22)
FNDA:3,(anonymous_23)
FNDA:3,(anonymous_24)
FNDA:0,(anonymous_25)
FNDA:0,(anonymous_26)
FNDA:0,(anonymous_27)
FNDA:0,(anonymous_28)
FNDA:0,(anonymous_29)
FNDA:0,(anonymous_30)
FNDA:0,(anonymous_31)
FNDA:0,(anonymous_32)
DA:9,6
DA:16,0
DA:17,0
DA:21,6
DA:22,0
DA:25,6
DA:26,0
DA:27,0
DA:28,0
DA:31,6
DA:32,0
DA:35,6
DA:36,0
DA:37,0
DA:38,0
DA:39,0
DA:41,0
DA:44,6
DA:45,0
DA:46,0
DA:50,6
DA:51,0
DA:52,0
DA:56,6
DA:57,6
DA:58,4
DA:59,4
DA:60,4
DA:61,4
DA:65,2
DA:66,0
DA:68,0
DA:69,0
DA:70,0
DA:73,0
DA:87,0
DA:88,0
DA:92,0
DA:95,0
DA:101,0
DA:117,0
DA:121,0
DA:124,0
DA:130,0
DA:138,3
DA:139,3
DA:149,3
DA:150,3
DA:151,0
DA:152,0
DA:153,0
DA:154,0
DA:156,0
DA:157,0
DA:158,0
DA:159,0
LF:56
LH:18
BRDA:38,0,0,0
BRDA:38,0,1,0
BRDA:57,1,0,4
BRDA:57,1,1,2
BRDA:74,2,0,0
BRDA:74,2,1,0
BRF:6
BRH:2
end_of_record
TN:
SF:/home/snusun/swpp-hw3-snusun/src/containers/Login/Login.js
FN:14,(anonymous_0)
FN:21,(anonymous_1)
FN:27,(anonymous_2)
FN:33,(anonymous_3)
FN:44,(anonymous_4)
FN:67,(anonymous_5)
FN:75,(anonymous_6)
FN:81,(anonymous_7)
FN:83,(anonymous_8)
FN:86,(anonymous_9)
FN:89,(anonymous_10)
FNF:11
FNH:5
FNDA:1,(anonymous_0)
FNDA:0,(anonymous_1)
FNDA:0,(anonymous_2)
FNDA:0,(anonymous_3)
FNDA:1,(anonymous_4)
FNDA:0,(anonymous_5)
FNDA:1,(anonymous_6)
FNDA:1,(anonymous_7)
FNDA:0,(anonymous_8)
FNDA:1,(anonymous_9)
FNDA:0,(anonymous_10)
DA:8,1
DA:15,1
DA:16,1
DA:17,0
DA:21,1
DA:22,0
DA:27,1
DA:28,0
DA:33,1
DA:34,0
DA:35,0
DA:36,0
DA:37,0
DA:39,0
DA:41,0
DA:45,1
DA:67,0
DA:75,2
DA:76,1
DA:81,2
DA:82,1
DA:84,0
DA:87,1
DA:90,0
LF:24
LH:12
BRDA:16,0,0,0
BRDA:16,0,1,1
BRDA:34,1,0,0
BRDA:34,1,1,0
BRDA:34,2,0,0
BRDA:34,2,1,0
BRF:6
BRH:1
end_of_record
TN:
SF:/home/snusun/swpp-hw3-snusun/src/store/store.js
FNF:0
FNH:0
DA:11,7
DA:12,7
DA:18,7
DA:20,7
DA:21,7
LF:5
LH:5
BRDA:20,0,0,7
BRDA:20,0,1,7
BRF:2
BRH:2
end_of_record
TN:
SF:/home/snusun/swpp-hw3-snusun/src/store/actions/actionTypes.js
FNF:0
FNH:0
DA:1,9
DA:2,9
DA:3,9
DA:4,9
DA:5,9
DA:7,9
DA:8,9
DA:9,9
DA:10,9
DA:12,9
DA:13,9
DA:14,9
DA:15,9
DA:16,9
LF:14
LH:14
BRF:0
BRH:0
end_of_record
TN:
SF:/home/snusun/swpp-hw3-snusun/src/store/actions/article.js
FN:5,(anonymous_0)
FN:9,(anonymous_1)
FN:10,(anonymous_2)
FN:12,(anonymous_3)
FN:16,(anonymous_4)
FN:26,(anonymous_5)
FN:27,(anonymous_6)
FN:29,(anonymous_7)
FN:39,(anonymous_8)
FN:46,(anonymous_9)
FN:47,(anonymous_10)
FN:49,(anonymous_11)
FN:53,(anonymous_12)
FN:57,(anonymous_13)
FN:58,(anonymous_14)
FN:60,(anonymous_15)
FNF:16
FNH:16
FNDA:1,(anonymous_0)
FNDA:1,(anonymous_1)
FNDA:1,(anonymous_2)
FNDA:1,(anonymous_3)
FNDA:1,(anonymous_4)
FNDA:1,(anonymous_5)
FNDA:1,(anonymous_6)
FNDA:1,(anonymous_7)
FNDA:1,(anonymous_8)
FNDA:1,(anonymous_9)
FNDA:1,(anonymous_10)
FNDA:1,(anonymous_11)
FNDA:1,(anonymous_12)
FNDA:1,(anonymous_13)
FNDA:1,(anonymous_14)
FNDA:1,(anonymous_15)
DA:5,5
DA:6,1
DA:9,5
DA:10,1
DA:11,1
DA:12,1
DA:16,5
DA:17,1
DA:26,5
DA:27,1
DA:28,1
DA:30,1
DA:32,1
DA:39,5
DA:40,1
DA:46,5
DA:47,1
DA:48,1
DA:49,1
DA:53,5
DA:54,1
DA:57,5
DA:58,1
DA:59,1
DA:61,1
LF:25
LH:25
BRF:0
BRH:0
end_of_record
TN:
SF:/home/snusun/swpp-hw3-snusun/src/store/actions/comment.js
FN:6,(anonymous_0)
FN:11,(anonymous_1)
FN:12,(anonymous_2)
FN:14,(anonymous_3)
FN:18,(anonymous_4)
FN:35,(anonymous_5)
FN:36,(anonymous_6)
FN:38,(anonymous_7)
FN:45,(anonymous_8)
FN:52,(anonymous_9)
FN:53,(anonymous_10)
FN:55,(anonymous_11)
FN:59,(anonymous_12)
FN:63,(anonymous_13)
FN:64,(anonymous_14)
FN:66,(anonymous_15)
FN:72,(anonymous_16)
FN:76,(anonymous_17)
FN:77,(anonymous_18)
FN:79,(anonymous_19)
FNF:20
FNH:20
FNDA:1,(anonymous_0)
FNDA:1,(anonymous_1)
FNDA:1,(anonymous_2)
FNDA:1,(anonymous_3)
FNDA:1,(anonymous_4)
FNDA:1,(anonymous_5)
FNDA:1,(anonymous_6)
FNDA:1,(anonymous_7)
FNDA:1,(anonymous_8)
FNDA:1,(anonymous_9)
FNDA:1,(anonymous_10)
FNDA:1,(anonymous_11)
FNDA:1,(anonymous_12)
FNDA:1,(anonymous_13)
FNDA:1,(anonymous_14)
FNDA:1,(anonymous_15)
FNDA:1,(anonymous_16)
FNDA:1,(anonymous_17)
FNDA:1,(anonymous_18)
FNDA:1,(anonymous_19)
DA:6,5
DA:7,1
DA:8,1
DA:11,5
DA:12,1
DA:13,1
DA:14,1
DA:18,5
DA:19,1
DA:35,5
DA:36,1
DA:37,1
DA:39,1
DA:45,5
DA:46,1
DA:52,5
DA:53,1
DA:54,1
DA:55,1
DA:59,5
DA:60,1
DA:63,5
DA:64,1
DA:65,1
DA:67,1
DA:72,5
DA:73,1
DA:76,5
DA:77,1
DA:78,1
DA:80,1
LF:31
LH:31
BRF:0
BRH:0
end_of_record
TN:
SF:/home/snusun/swpp-hw3-snusun/src/store/actions/index.js
FNF:0
FNH:0
LF:0
LH:0
BRF:0
BRH:0
end_of_record
TN:
SF:/home/snusun/swpp-hw3-snusun/src/store/actions/login.js
FN:5,(anonymous_0)
FN:9,(anonymous_1)
FN:10,(anonymous_2)
FN:12,(anonymous_3)
FN:16,(anonymous_4)
FN:20,(anonymous_5)
FN:21,(anonymous_6)
FN:23,(anonymous_7)
FN:27,(anonymous_8)
FN:32,(anonymous_9)
FN:33,(anonymous_10)
FN:35,(anonymous_11)
FN:40,(anonymous_12)
FN:44,(anonymous_13)
FN:45,(anonymous_14)
FNF:15
FNH:12
FNDA:2,(anonymous_0)
FNDA:2,(anonymous_1)
FNDA:2,(anonymous_2)
FNDA:2,(anonymous_3)
FNDA:1,(anonymous_4)
FNDA:1,(anonymous_5)
FNDA:1,(anonymous_6)
FNDA:1,(anonymous_7)
FNDA:1,(anonymous_8)
FNDA:1,(anonymous_9)
FNDA:1,(anonymous_10)
FNDA:1,(anonymous_11)
FNDA:0,(anonymous_12)
FNDA:0,(anonymous_13)
FNDA:0,(anonymous_14)
DA:5,5
DA:6,2
DA:9,5
DA:10,2
DA:11,2
DA:12,2
DA:16,5
DA:17,1
DA:20,5
DA:21,1
DA:22,1
DA:23,1
DA:27,5
DA:28,1
DA:32,5
DA:33,1
DA:34,1
DA:35,1
DA:40,5
DA:41,0
DA:44,5
DA:45,0
DA:46,0
DA:47,0
LF:24
LH:20
BRF:0
BRH:0
end_of_record
TN:
SF:/home/snusun/swpp-hw3-snusun/src/store/reducers/article.js
FN:9,(anonymous_0)
FN:18,(anonymous_1)
FNF:2
FNH:2
FNDA:38,(anonymous_0)
FNDA:3,(anonymous_1)
DA:3,8
DA:9,8
DA:10,38
DA:12,2
DA:16,2
DA:18,3
DA:19,2
DA:21,2
DA:23,2
DA:26,30
LF:10
LH:10
BRDA:9,0,0,25
BRDA:10,1,0,2
BRDA:10,1,1,2
BRDA:10,1,2,2
BRDA:10,1,3,2
BRF:5
BRH:5
end_of_record
TN:
SF:/home/snusun/swpp-hw3-snusun/src/store/reducers/comment.js
FN:17,(anonymous_0)
FN:26,(anonymous_1)
FN:30,(anonymous_2)
FNF:3
FNH:3
FNDA:33,(anonymous_0)
FNDA:2,(anonymous_1)
FNDA:1,(anonymous_2)
DA:3,7
DA:17,7
DA:18,33
DA:20,1
DA:24,1
DA:26,2
DA:27,1
DA:29,1
DA:30,1
DA:31,1
DA:37,1
DA:39,1
DA:42,28
LF:13
LH:13
BRDA:17,0,0,21
BRDA:18,1,0,1
BRDA:18,1,1,1
BRDA:18,1,2,1
BRDA:18,1,3,1
BRDA:18,1,4,1
BRF:6
BRH:6
end_of_record
TN:
SF:/home/snusun/swpp-hw3-snusun/src/store/reducers/login.js
FN:9,(anonymous_0)
FN:16,(anonymous_1)
FNF:2
FNH:2
FNDA:38,(anonymous_0)
FNDA:1,(anonymous_1)
DA:3,8
DA:9,8
DA:10,38
DA:12,2
DA:14,2
DA:16,3
DA:17,3
DA:19,0
DA:22,31
LF:9
LH:8
BRDA:9,0,0,26
BRDA:10,1,0,2
BRDA:10,1,1,2
BRDA:10,1,2,3
BRDA:10,1,3,0
BRDA:16,2,0,1
BRDA:16,2,1,0
BRF:7
BRH:5
end_of_record
TN:
SF:/home/snusun/swpp-hw3-snusun/src/test-utils/mocks.js
FN:10,(anonymous_0)
FN:10,(anonymous_1)
FN:19,(anonymous_2)
FNF:3
FNH:3
FNDA:18,(anonymous_0)
FNDA:99,(anonymous_1)
FNDA:6,(anonymous_2)
DA:9,4
DA:10,18
DA:11,99
DA:13,99
DA:15,99
DA:19,4
DA:20,6
DA:21,6
DA:22,6
DA:23,6
DA:29,6
DA:30,6
DA:32,6
LF:13
LH:13
BRDA:10,0,0,54
BRDA:11,1,0,99
BRDA:29,2,0,6
BRDA:29,2,1,6
BRF:4
BRH:4
end_of_record
